CRITICAL - 2023-08-25 11:19:07 --> Invalid argument supplied for foreach()
in APPPATH\Views\home.php on line 29.
 1 APPPATH\Views\home.php(29): CodeIgniter\Debug\Exceptions->errorHandler(2, 'Invalid argument supplied for foreach()', 'D:\\Dev\\xampp\\htdocs\\management_ukm\\app\\Views\\home.php', 29, [...])
 2 SYSTEMPATH\View\View.php(224): include('D:\\Dev\\xampp\\htdocs\\management_ukm\\app\\Views\\home.php')
 3 SYSTEMPATH\View\View.php(227): CodeIgniter\View\View->CodeIgniter\View\{closure}()
 4 SYSTEMPATH\Common.php(1180): CodeIgniter\View\View->render('home', [], true)
 5 APPPATH\Controllers\HomeController.php(23): view('home', [...])
 6 SYSTEMPATH\CodeIgniter.php(932): App\Controllers\HomeController->index()
 7 SYSTEMPATH\CodeIgniter.php(497): CodeIgniter\CodeIgniter->runController(Object(App\Controllers\HomeController))
 8 SYSTEMPATH\CodeIgniter.php(366): CodeIgniter\CodeIgniter->handleRequest(null, Object(Config\Cache), false)
 9 FCPATH\index.php(67): CodeIgniter\CodeIgniter->run()
CRITICAL - 2023-08-25 11:19:15 --> Invalid argument supplied for foreach()
in APPPATH\Views\home.php on line 29.
 1 APPPATH\Views\home.php(29): CodeIgniter\Debug\Exceptions->errorHandler(2, 'Invalid argument supplied for foreach()', 'D:\\Dev\\xampp\\htdocs\\management_ukm\\app\\Views\\home.php', 29, [...])
 2 SYSTEMPATH\View\View.php(224): include('D:\\Dev\\xampp\\htdocs\\management_ukm\\app\\Views\\home.php')
 3 SYSTEMPATH\View\View.php(227): CodeIgniter\View\View->CodeIgniter\View\{closure}()
 4 SYSTEMPATH\Common.php(1180): CodeIgniter\View\View->render('home', [], true)
 5 APPPATH\Controllers\HomeController.php(23): view('home', [...])
 6 SYSTEMPATH\CodeIgniter.php(932): App\Controllers\HomeController->index()
 7 SYSTEMPATH\CodeIgniter.php(497): CodeIgniter\CodeIgniter->runController(Object(App\Controllers\HomeController))
 8 SYSTEMPATH\CodeIgniter.php(366): CodeIgniter\CodeIgniter->handleRequest(null, Object(Config\Cache), false)
 9 FCPATH\index.php(67): CodeIgniter\CodeIgniter->run()
CRITICAL - 2023-08-25 12:50:09 --> syntax error, unexpected ''login'' (T_CONSTANT_ENCAPSED_STRING), expecting ']'
in APPPATH\Config\Filters.php on line 36.
 1 SYSTEMPATH\Autoloader\Autoloader.php(289): CodeIgniter\Autoloader\Autoloader->includeFile('D:\\Dev\\xampp\\htdocs\\management_ukm\\app\\Config\\Filters.php')
 2 SYSTEMPATH\Autoloader\Autoloader.php(267): CodeIgniter\Autoloader\Autoloader->loadInNamespace('Config\\Filters')
 3 [internal function]: CodeIgniter\Autoloader\Autoloader->loadClass('Config\\Filters')
 4 [internal function]: spl_autoload_call('Config\\Filters')
 5 SYSTEMPATH\Config\Factories.php(139): class_exists('Config\\Filters')
 6 SYSTEMPATH\Config\Factories.php(109): CodeIgniter\Config\Factories::locateClass([...], 'Filters')
 7 SYSTEMPATH\Common.php(216): CodeIgniter\Config\Factories::__callStatic('config', [])
 8 SYSTEMPATH\Config\Services.php(285): config('Filters')
 9 SYSTEMPATH\Config\BaseService.php(252): CodeIgniter\Config\Services::filters(null, false)
10 SYSTEMPATH\Config\BaseService.php(193): CodeIgniter\Config\BaseService::__callStatic('filters', [...])
11 SYSTEMPATH\Config\Services.php(282): CodeIgniter\Config\BaseService::getSharedInstance('filters', null)
12 SYSTEMPATH\Config\BaseService.php(252): CodeIgniter\Config\Services::filters()
13 SYSTEMPATH\CodeIgniter.php(453): CodeIgniter\Config\BaseService::__callStatic('filters', [])
14 SYSTEMPATH\CodeIgniter.php(366): CodeIgniter\CodeIgniter->handleRequest(null, Object(Config\Cache), false)
15 FCPATH\index.php(67): CodeIgniter\CodeIgniter->run()
