CRITICAL - 2023-08-21 11:30:45 --> Deletes are not allowed unless they contain a "where" or "like" clause.
in SYSTEMPATH\Database\BaseBuilder.php on line 2767.
 1 SYSTEMPATH\Model.php(456): CodeIgniter\Database\BaseBuilder->delete()
 2 SYSTEMPATH\BaseModel.php(1065): CodeIgniter\Model->doDelete(null, false)
 3 APPPATH\Controllers\HomeController.php(817): CodeIgniter\BaseModel->delete(null)
 4 SYSTEMPATH\CodeIgniter.php(932): App\Controllers\HomeController->delete_dokumentasi()
 5 SYSTEMPATH\CodeIgniter.php(497): CodeIgniter\CodeIgniter->runController(Object(App\Controllers\HomeController))
 6 SYSTEMPATH\CodeIgniter.php(366): CodeIgniter\CodeIgniter->handleRequest(null, Object(Config\Cache), false)
 7 FCPATH\index.php(67): CodeIgniter\CodeIgniter->run()
CRITICAL - 2023-08-21 11:38:47 --> Deletes are not allowed unless they contain a "where" or "like" clause.
in SYSTEMPATH\Database\BaseBuilder.php on line 2767.
 1 SYSTEMPATH\Model.php(456): CodeIgniter\Database\BaseBuilder->delete()
 2 SYSTEMPATH\BaseModel.php(1065): CodeIgniter\Model->doDelete(null, false)
 3 APPPATH\Controllers\HomeController.php(817): CodeIgniter\BaseModel->delete(null)
 4 SYSTEMPATH\CodeIgniter.php(932): App\Controllers\HomeController->delete_dokumentasi()
 5 SYSTEMPATH\CodeIgniter.php(497): CodeIgniter\CodeIgniter->runController(Object(App\Controllers\HomeController))
 6 SYSTEMPATH\CodeIgniter.php(366): CodeIgniter\CodeIgniter->handleRequest(null, Object(Config\Cache), false)
 7 FCPATH\index.php(67): CodeIgniter\CodeIgniter->run()
CRITICAL - 2023-08-21 11:40:41 --> Deletes are not allowed unless they contain a "where" or "like" clause.
in SYSTEMPATH\Database\BaseBuilder.php on line 2767.
 1 SYSTEMPATH\Model.php(456): CodeIgniter\Database\BaseBuilder->delete()
 2 SYSTEMPATH\BaseModel.php(1065): CodeIgniter\Model->doDelete(null, false)
 3 APPPATH\Controllers\HomeController.php(817): CodeIgniter\BaseModel->delete(null)
 4 SYSTEMPATH\CodeIgniter.php(932): App\Controllers\HomeController->delete_dokumentasi()
 5 SYSTEMPATH\CodeIgniter.php(497): CodeIgniter\CodeIgniter->runController(Object(App\Controllers\HomeController))
 6 SYSTEMPATH\CodeIgniter.php(366): CodeIgniter\CodeIgniter->handleRequest(null, Object(Config\Cache), false)
 7 FCPATH\index.php(67): CodeIgniter\CodeIgniter->run()
CRITICAL - 2023-08-21 11:42:51 --> The original file is not a valid file.
in SYSTEMPATH\HTTP\Files\UploadedFile.php on line 137.
 1 SYSTEMPATH\HTTP\Files\UploadedFile.php(137): CodeIgniter\HTTP\Exceptions\HTTPException::forInvalidFile()
 2 APPPATH\Controllers\HomeController.php(935): CodeIgniter\HTTP\Files\UploadedFile->move('D:\\Dev\\xampp\\htdocs\\management_ukm\\assets/doc/', '_1.')
 3 SYSTEMPATH\CodeIgniter.php(932): App\Controllers\HomeController->update_ukm()
 4 SYSTEMPATH\CodeIgniter.php(497): CodeIgniter\CodeIgniter->runController(Object(App\Controllers\HomeController))
 5 SYSTEMPATH\CodeIgniter.php(366): CodeIgniter\CodeIgniter->handleRequest(null, Object(Config\Cache), false)
 6 FCPATH\index.php(67): CodeIgniter\CodeIgniter->run()
CRITICAL - 2023-08-21 11:46:45 --> Deletes are not allowed unless they contain a "where" or "like" clause.
in SYSTEMPATH\Database\BaseBuilder.php on line 2767.
 1 SYSTEMPATH\Model.php(456): CodeIgniter\Database\BaseBuilder->delete()
 2 SYSTEMPATH\BaseModel.php(1065): CodeIgniter\Model->doDelete(null, false)
 3 APPPATH\Controllers\HomeController.php(817): CodeIgniter\BaseModel->delete(null)
 4 SYSTEMPATH\CodeIgniter.php(932): App\Controllers\HomeController->delete_dokumentasi()
 5 SYSTEMPATH\CodeIgniter.php(497): CodeIgniter\CodeIgniter->runController(Object(App\Controllers\HomeController))
 6 SYSTEMPATH\CodeIgniter.php(366): CodeIgniter\CodeIgniter->handleRequest(null, Object(Config\Cache), false)
 7 FCPATH\index.php(67): CodeIgniter\CodeIgniter->run()
CRITICAL - 2023-08-21 11:47:13 --> Deletes are not allowed unless they contain a "where" or "like" clause.
in SYSTEMPATH\Database\BaseBuilder.php on line 2767.
 1 SYSTEMPATH\Model.php(456): CodeIgniter\Database\BaseBuilder->delete()
 2 SYSTEMPATH\BaseModel.php(1065): CodeIgniter\Model->doDelete(null, false)
 3 APPPATH\Controllers\HomeController.php(817): CodeIgniter\BaseModel->delete(null)
 4 SYSTEMPATH\CodeIgniter.php(932): App\Controllers\HomeController->delete_dokumentasi()
 5 SYSTEMPATH\CodeIgniter.php(497): CodeIgniter\CodeIgniter->runController(Object(App\Controllers\HomeController))
 6 SYSTEMPATH\CodeIgniter.php(366): CodeIgniter\CodeIgniter->handleRequest(null, Object(Config\Cache), false)
 7 FCPATH\index.php(67): CodeIgniter\CodeIgniter->run()
CRITICAL - 2023-08-21 11:47:40 --> Deletes are not allowed unless they contain a "where" or "like" clause.
in SYSTEMPATH\Database\BaseBuilder.php on line 2767.
 1 SYSTEMPATH\Model.php(456): CodeIgniter\Database\BaseBuilder->delete()
 2 SYSTEMPATH\BaseModel.php(1065): CodeIgniter\Model->doDelete(null, false)
 3 APPPATH\Controllers\HomeController.php(817): CodeIgniter\BaseModel->delete(null)
 4 SYSTEMPATH\CodeIgniter.php(932): App\Controllers\HomeController->delete_dokumentasi()
 5 SYSTEMPATH\CodeIgniter.php(497): CodeIgniter\CodeIgniter->runController(Object(App\Controllers\HomeController))
 6 SYSTEMPATH\CodeIgniter.php(366): CodeIgniter\CodeIgniter->handleRequest(null, Object(Config\Cache), false)
 7 FCPATH\index.php(67): CodeIgniter\CodeIgniter->run()
CRITICAL - 2023-08-21 12:30:18 --> Call to undefined function url()
in APPPATH\Views\Template\menu.php on line 1.
 1 APPPATH\Views\home.php(4): include()
 2 SYSTEMPATH\View\View.php(224): include('D:\\Dev\\xampp\\htdocs\\management_ukm\\app\\Views\\home.php')
 3 SYSTEMPATH\View\View.php(227): CodeIgniter\View\View->CodeIgniter\View\{closure}()
 4 SYSTEMPATH\Common.php(1180): CodeIgniter\View\View->render('home', [], true)
 5 APPPATH\Controllers\HomeController.php(22): view('home', [...])
 6 SYSTEMPATH\CodeIgniter.php(932): App\Controllers\HomeController->index()
 7 SYSTEMPATH\CodeIgniter.php(497): CodeIgniter\CodeIgniter->runController(Object(App\Controllers\HomeController))
 8 SYSTEMPATH\CodeIgniter.php(366): CodeIgniter\CodeIgniter->handleRequest(null, Object(Config\Cache), false)
 9 FCPATH\index.php(67): CodeIgniter\CodeIgniter->run()
CRITICAL - 2023-08-21 12:30:26 --> syntax error, unexpected '/'
in APPPATH\Views\Template\menu.php on line 1.
 1 SYSTEMPATH\View\View.php(224): include()
 2 SYSTEMPATH\View\View.php(227): CodeIgniter\View\View->CodeIgniter\View\{closure}()
 3 SYSTEMPATH\Common.php(1180): CodeIgniter\View\View->render('home', [], true)
 4 APPPATH\Controllers\HomeController.php(22): view('home', [...])
 5 SYSTEMPATH\CodeIgniter.php(932): App\Controllers\HomeController->index()
 6 SYSTEMPATH\CodeIgniter.php(497): CodeIgniter\CodeIgniter->runController(Object(App\Controllers\HomeController))
 7 SYSTEMPATH\CodeIgniter.php(366): CodeIgniter\CodeIgniter->handleRequest(null, Object(Config\Cache), false)
 8 FCPATH\index.php(67): CodeIgniter\CodeIgniter->run()
