CRITICAL - 2023-09-03 09:14:02 --> syntax error, unexpected end of file
in APPPATH\Controllers\HomeController.php on line 1435.
 1 SYSTEMPATH\Autoloader\Autoloader.php(289): CodeIgniter\Autoloader\Autoloader->includeFile('C:\\xampp\\htdocs\\management_ukm\\app\\Controllers\\HomeController.php')
 2 SYSTEMPATH\Autoloader\Autoloader.php(267): CodeIgniter\Autoloader\Autoloader->loadInNamespace('App\\Controllers\\HomeController')
 3 [internal function]: CodeIgniter\Autoloader\Autoloader->loadClass('App\\Controllers\\HomeController')
 4 [internal function]: spl_autoload_call('App\\Controllers\\HomeController')
 5 SYSTEMPATH\CodeIgniter.php(890): class_exists('\\App\\Controllers\\HomeController', true)
 6 SYSTEMPATH\CodeIgniter.php(484): CodeIgniter\CodeIgniter->startController()
 7 SYSTEMPATH\CodeIgniter.php(366): CodeIgniter\CodeIgniter->handleRequest(null, Object(Config\Cache), false)
 8 FCPATH\index.php(67): CodeIgniter\CodeIgniter->run()
CRITICAL - 2023-09-03 09:14:43 --> syntax error, unexpected end of file
in APPPATH\Controllers\HomeController.php on line 1435.
 1 SYSTEMPATH\Autoloader\Autoloader.php(289): CodeIgniter\Autoloader\Autoloader->includeFile('C:\\xampp\\htdocs\\management_ukm\\app\\Controllers\\HomeController.php')
 2 SYSTEMPATH\Autoloader\Autoloader.php(267): CodeIgniter\Autoloader\Autoloader->loadInNamespace('App\\Controllers\\HomeController')
 3 [internal function]: CodeIgniter\Autoloader\Autoloader->loadClass('App\\Controllers\\HomeController')
 4 [internal function]: spl_autoload_call('App\\Controllers\\HomeController')
 5 SYSTEMPATH\CodeIgniter.php(890): class_exists('\\App\\Controllers\\HomeController', true)
 6 SYSTEMPATH\CodeIgniter.php(484): CodeIgniter\CodeIgniter->startController()
 7 SYSTEMPATH\CodeIgniter.php(366): CodeIgniter\CodeIgniter->handleRequest(null, Object(Config\Cache), false)
 8 FCPATH\index.php(67): CodeIgniter\CodeIgniter->run()
 9 SYSTEMPATH\Commands\Server\rewrite.php(47): require_once('C:\\xampp\\htdocs\\management_ukm\\public\\index.php')
CRITICAL - 2023-09-03 11:42:38 --> Invalid argument supplied for foreach()
in APPPATH\Views\Template\menu.php on line 89.
 1 APPPATH\Views\Template\menu.php(89): CodeIgniter\Debug\Exceptions->errorHandler(2, 'Invalid argument supplied for foreach()', 'C:\\xampp\\htdocs\\management_ukm\\app\\Views\\Template\\menu.php', 89, [...])
 2 APPPATH\Views\kelola_admin.php(4): include('C:\\xampp\\htdocs\\management_ukm\\app\\Views\\Template\\menu.php')
 3 SYSTEMPATH\View\View.php(224): include('C:\\xampp\\htdocs\\management_ukm\\app\\Views\\kelola_admin.php')
 4 SYSTEMPATH\View\View.php(227): CodeIgniter\View\View->CodeIgniter\View\{closure}()
 5 SYSTEMPATH\Common.php(1180): CodeIgniter\View\View->render('kelola_admin', [], true)
 6 APPPATH\Controllers\HomeController.php(1081): view('kelola_admin', [...])
 7 SYSTEMPATH\CodeIgniter.php(932): App\Controllers\HomeController->kelola_admin()
 8 SYSTEMPATH\CodeIgniter.php(497): CodeIgniter\CodeIgniter->runController(Object(App\Controllers\HomeController))
 9 SYSTEMPATH\CodeIgniter.php(366): CodeIgniter\CodeIgniter->handleRequest(null, Object(Config\Cache), false)
10 FCPATH\index.php(67): CodeIgniter\CodeIgniter->run()
CRITICAL - 2023-09-03 11:43:29 --> Invalid argument supplied for foreach()
in APPPATH\Views\Template\navbar.php on line 24.
 1 APPPATH\Views\Template\navbar.php(24): CodeIgniter\Debug\Exceptions->errorHandler(2, 'Invalid argument supplied for foreach()', 'C:\\xampp\\htdocs\\management_ukm\\app\\Views\\Template\\navbar.php', 24, [...])
 2 APPPATH\Views\kelola_admin.php(5): include('C:\\xampp\\htdocs\\management_ukm\\app\\Views\\Template\\navbar.php')
 3 SYSTEMPATH\View\View.php(224): include('C:\\xampp\\htdocs\\management_ukm\\app\\Views\\kelola_admin.php')
 4 SYSTEMPATH\View\View.php(227): CodeIgniter\View\View->CodeIgniter\View\{closure}()
 5 SYSTEMPATH\Common.php(1180): CodeIgniter\View\View->render('kelola_admin', [], true)
 6 APPPATH\Controllers\HomeController.php(1081): view('kelola_admin', [...])
 7 SYSTEMPATH\CodeIgniter.php(932): App\Controllers\HomeController->kelola_admin()
 8 SYSTEMPATH\CodeIgniter.php(497): CodeIgniter\CodeIgniter->runController(Object(App\Controllers\HomeController))
 9 SYSTEMPATH\CodeIgniter.php(366): CodeIgniter\CodeIgniter->handleRequest(null, Object(Config\Cache), false)
10 FCPATH\index.php(67): CodeIgniter\CodeIgniter->run()
CRITICAL - 2023-09-03 11:53:57 --> Invalid argument supplied for foreach()
in APPPATH\Views\Template\navbar.php on line 24.
 1 APPPATH\Views\Template\navbar.php(24): CodeIgniter\Debug\Exceptions->errorHandler(2, 'Invalid argument supplied for foreach()', 'C:\\xampp\\htdocs\\management_ukm\\app\\Views\\Template\\navbar.php', 24, [...])
 2 APPPATH\Views\kelola_admin.php(5): include('C:\\xampp\\htdocs\\management_ukm\\app\\Views\\Template\\navbar.php')
 3 SYSTEMPATH\View\View.php(224): include('C:\\xampp\\htdocs\\management_ukm\\app\\Views\\kelola_admin.php')
 4 SYSTEMPATH\View\View.php(227): CodeIgniter\View\View->CodeIgniter\View\{closure}()
 5 SYSTEMPATH\Common.php(1180): CodeIgniter\View\View->render('kelola_admin', [], true)
 6 APPPATH\Controllers\HomeController.php(1081): view('kelola_admin', [...])
 7 SYSTEMPATH\CodeIgniter.php(932): App\Controllers\HomeController->kelola_admin()
 8 SYSTEMPATH\CodeIgniter.php(497): CodeIgniter\CodeIgniter->runController(Object(App\Controllers\HomeController))
 9 SYSTEMPATH\CodeIgniter.php(366): CodeIgniter\CodeIgniter->handleRequest(null, Object(Config\Cache), false)
10 FCPATH\index.php(67): CodeIgniter\CodeIgniter->run()
