ERROR - 2023-08-22 05:32:06 --> mysqli_sql_exception: Unknown column 'login.id' in 'where clause' in D:\Dev\xampp\htdocs\management_ukm\system\Database\MySQLi\Connection.php:295
Stack trace:
#0 D:\Dev\xampp\htdocs\management_ukm\system\Database\MySQLi\Connection.php(295): mysqli->query('UPDATE `login` ...', 0)
#1 D:\Dev\xampp\htdocs\management_ukm\system\Database\BaseConnection.php(692): CodeIgniter\Database\MySQLi\Connection->execute('UPDATE `login` ...')
#2 D:\Dev\xampp\htdocs\management_ukm\system\Database\BaseConnection.php(606): CodeIgniter\Database\BaseConnection->simpleQuery('UPDATE `login` ...')
#3 D:\Dev\xampp\htdocs\management_ukm\system\Database\BaseBuilder.php(2476): CodeIgniter\Database\BaseConnection->query('UPDATE `login` ...', Array, false)
#4 D:\Dev\xampp\htdocs\management_ukm\system\Model.php(396): CodeIgniter\Database\BaseBuilder->update()
#5 D:\Dev\xampp\htdocs\management_ukm\system\BaseModel.php(943): CodeIgniter\Model->doUpdate(Array, Array)
#6 D:\Dev\xampp\htdocs\management_ukm\system\Model.php(756): CodeIgniter\BaseModel->update(Array, Array)
#7 D:\Dev\xampp\htdocs\management_ukm\app\Controllers\HomeController.php(1042): CodeIgniter\Model->update('', Array)
#8 D:\Dev\xampp\htdocs\management_ukm\system\CodeIgniter.php(932): App\Controllers\HomeController->admin_update()
#9 D:\Dev\xampp\htdocs\management_ukm\system\CodeIgniter.php(497): CodeIgniter\CodeIgniter->runController(Object(App\Controllers\HomeController))
#10 D:\Dev\xampp\htdocs\management_ukm\system\CodeIgniter.php(366): CodeIgniter\CodeIgniter->handleRequest(NULL, Object(Config\Cache), false)
#11 D:\Dev\xampp\htdocs\management_ukm\index.php(67): CodeIgniter\CodeIgniter->run()
#12 {main}
CRITICAL - 2023-08-22 05:32:06 --> Unknown column 'login.id' in 'where clause'
in SYSTEMPATH\Database\MySQLi\Connection.php on line 295.
 1 SYSTEMPATH\Database\MySQLi\Connection.php(295): mysqli->query('UPDATE `login` SET `nama_admin` = \'Admin Hima\', `username` = \'hima\', `level_admin` = \'2\', `password` = \'1c864c46ada9723c572ba0c11c947a25\'
WHERE `login`.`id` IN (\'\')', 0)
 2 SYSTEMPATH\Database\BaseConnection.php(692): CodeIgniter\Database\MySQLi\Connection->execute('UPDATE `login` SET `nama_admin` = \'Admin Hima\', `username` = \'hima\', `level_admin` = \'2\', `password` = \'1c864c46ada9723c572ba0c11c947a25\'
WHERE `login`.`id` IN (\'\')')
 3 SYSTEMPATH\Database\BaseConnection.php(606): CodeIgniter\Database\BaseConnection->simpleQuery('UPDATE `login` SET `nama_admin` = \'Admin Hima\', `username` = \'hima\', `level_admin` = \'2\', `password` = \'1c864c46ada9723c572ba0c11c947a25\'
WHERE `login`.`id` IN (\'\')')
 4 SYSTEMPATH\Database\BaseBuilder.php(2476): CodeIgniter\Database\BaseConnection->query('UPDATE `login` SET `nama_admin` = :nama_admin:, `username` = :username:, `level_admin` = :level_admin:, `password` = :password:
WHERE `login`.`id` IN :login.id:', [...], false)
 5 SYSTEMPATH\Model.php(396): CodeIgniter\Database\BaseBuilder->update()
 6 SYSTEMPATH\BaseModel.php(943): CodeIgniter\Model->doUpdate([...], [...])
 7 SYSTEMPATH\Model.php(756): CodeIgniter\BaseModel->update([...], [...])
 8 APPPATH\Controllers\HomeController.php(1042): CodeIgniter\Model->update('', [...])
 9 SYSTEMPATH\CodeIgniter.php(932): App\Controllers\HomeController->admin_update()
10 SYSTEMPATH\CodeIgniter.php(497): CodeIgniter\CodeIgniter->runController(Object(App\Controllers\HomeController))
11 SYSTEMPATH\CodeIgniter.php(366): CodeIgniter\CodeIgniter->handleRequest(null, Object(Config\Cache), false)
12 FCPATH\index.php(67): CodeIgniter\CodeIgniter->run()
ERROR - 2023-08-22 05:34:41 --> mysqli_sql_exception: Unknown column 'login.id' in 'where clause' in D:\Dev\xampp\htdocs\management_ukm\system\Database\MySQLi\Connection.php:295
Stack trace:
#0 D:\Dev\xampp\htdocs\management_ukm\system\Database\MySQLi\Connection.php(295): mysqli->query('UPDATE `login` ...', 0)
#1 D:\Dev\xampp\htdocs\management_ukm\system\Database\BaseConnection.php(692): CodeIgniter\Database\MySQLi\Connection->execute('UPDATE `login` ...')
#2 D:\Dev\xampp\htdocs\management_ukm\system\Database\BaseConnection.php(606): CodeIgniter\Database\BaseConnection->simpleQuery('UPDATE `login` ...')
#3 D:\Dev\xampp\htdocs\management_ukm\system\Database\BaseBuilder.php(2476): CodeIgniter\Database\BaseConnection->query('UPDATE `login` ...', Array, false)
#4 D:\Dev\xampp\htdocs\management_ukm\system\Model.php(396): CodeIgniter\Database\BaseBuilder->update()
#5 D:\Dev\xampp\htdocs\management_ukm\system\BaseModel.php(943): CodeIgniter\Model->doUpdate(Array, Array)
#6 D:\Dev\xampp\htdocs\management_ukm\system\Model.php(756): CodeIgniter\BaseModel->update(Array, Array)
#7 D:\Dev\xampp\htdocs\management_ukm\app\Controllers\HomeController.php(1042): CodeIgniter\Model->update('', Array)
#8 D:\Dev\xampp\htdocs\management_ukm\system\CodeIgniter.php(932): App\Controllers\HomeController->admin_update()
#9 D:\Dev\xampp\htdocs\management_ukm\system\CodeIgniter.php(497): CodeIgniter\CodeIgniter->runController(Object(App\Controllers\HomeController))
#10 D:\Dev\xampp\htdocs\management_ukm\system\CodeIgniter.php(366): CodeIgniter\CodeIgniter->handleRequest(NULL, Object(Config\Cache), false)
#11 D:\Dev\xampp\htdocs\management_ukm\index.php(67): CodeIgniter\CodeIgniter->run()
#12 {main}
CRITICAL - 2023-08-22 05:34:41 --> Unknown column 'login.id' in 'where clause'
in SYSTEMPATH\Database\MySQLi\Connection.php on line 295.
 1 SYSTEMPATH\Database\MySQLi\Connection.php(295): mysqli->query('UPDATE `login` SET `nama_admin` = \'Admin Hima\', `username` = \'hima\', `level_admin` = \'2\', `password` = \'1c864c46ada9723c572ba0c11c947a25\'
WHERE `login`.`id` IN (\'\')', 0)
 2 SYSTEMPATH\Database\BaseConnection.php(692): CodeIgniter\Database\MySQLi\Connection->execute('UPDATE `login` SET `nama_admin` = \'Admin Hima\', `username` = \'hima\', `level_admin` = \'2\', `password` = \'1c864c46ada9723c572ba0c11c947a25\'
WHERE `login`.`id` IN (\'\')')
 3 SYSTEMPATH\Database\BaseConnection.php(606): CodeIgniter\Database\BaseConnection->simpleQuery('UPDATE `login` SET `nama_admin` = \'Admin Hima\', `username` = \'hima\', `level_admin` = \'2\', `password` = \'1c864c46ada9723c572ba0c11c947a25\'
WHERE `login`.`id` IN (\'\')')
 4 SYSTEMPATH\Database\BaseBuilder.php(2476): CodeIgniter\Database\BaseConnection->query('UPDATE `login` SET `nama_admin` = :nama_admin:, `username` = :username:, `level_admin` = :level_admin:, `password` = :password:
WHERE `login`.`id` IN :login.id:', [...], false)
 5 SYSTEMPATH\Model.php(396): CodeIgniter\Database\BaseBuilder->update()
 6 SYSTEMPATH\BaseModel.php(943): CodeIgniter\Model->doUpdate([...], [...])
 7 SYSTEMPATH\Model.php(756): CodeIgniter\BaseModel->update([...], [...])
 8 APPPATH\Controllers\HomeController.php(1042): CodeIgniter\Model->update('', [...])
 9 SYSTEMPATH\CodeIgniter.php(932): App\Controllers\HomeController->admin_update()
10 SYSTEMPATH\CodeIgniter.php(497): CodeIgniter\CodeIgniter->runController(Object(App\Controllers\HomeController))
11 SYSTEMPATH\CodeIgniter.php(366): CodeIgniter\CodeIgniter->handleRequest(null, Object(Config\Cache), false)
12 FCPATH\index.php(67): CodeIgniter\CodeIgniter->run()
ERROR - 2023-08-22 05:36:34 --> mysqli_sql_exception: Unknown column 'login.id' in 'where clause' in D:\Dev\xampp\htdocs\management_ukm\system\Database\MySQLi\Connection.php:295
Stack trace:
#0 D:\Dev\xampp\htdocs\management_ukm\system\Database\MySQLi\Connection.php(295): mysqli->query('UPDATE `login` ...', 0)
#1 D:\Dev\xampp\htdocs\management_ukm\system\Database\BaseConnection.php(692): CodeIgniter\Database\MySQLi\Connection->execute('UPDATE `login` ...')
#2 D:\Dev\xampp\htdocs\management_ukm\system\Database\BaseConnection.php(606): CodeIgniter\Database\BaseConnection->simpleQuery('UPDATE `login` ...')
#3 D:\Dev\xampp\htdocs\management_ukm\system\Database\BaseBuilder.php(2476): CodeIgniter\Database\BaseConnection->query('UPDATE `login` ...', Array, false)
#4 D:\Dev\xampp\htdocs\management_ukm\system\Model.php(396): CodeIgniter\Database\BaseBuilder->update()
#5 D:\Dev\xampp\htdocs\management_ukm\system\BaseModel.php(943): CodeIgniter\Model->doUpdate(Array, Array)
#6 D:\Dev\xampp\htdocs\management_ukm\system\Model.php(756): CodeIgniter\BaseModel->update(Array, Array)
#7 D:\Dev\xampp\htdocs\management_ukm\app\Controllers\HomeController.php(1042): CodeIgniter\Model->update('1', Array)
#8 D:\Dev\xampp\htdocs\management_ukm\system\CodeIgniter.php(932): App\Controllers\HomeController->admin_update()
#9 D:\Dev\xampp\htdocs\management_ukm\system\CodeIgniter.php(497): CodeIgniter\CodeIgniter->runController(Object(App\Controllers\HomeController))
#10 D:\Dev\xampp\htdocs\management_ukm\system\CodeIgniter.php(366): CodeIgniter\CodeIgniter->handleRequest(NULL, Object(Config\Cache), false)
#11 D:\Dev\xampp\htdocs\management_ukm\index.php(67): CodeIgniter\CodeIgniter->run()
#12 {main}
CRITICAL - 2023-08-22 05:36:34 --> Unknown column 'login.id' in 'where clause'
in SYSTEMPATH\Database\MySQLi\Connection.php on line 295.
 1 SYSTEMPATH\Database\MySQLi\Connection.php(295): mysqli->query('UPDATE `login` SET `nama_admin` = \'Admin Hima\', `username` = \'hima\', `level_admin` = \'2\', `password` = \'1c864c46ada9723c572ba0c11c947a25\'
WHERE `login`.`id` IN (\'1\')', 0)
 2 SYSTEMPATH\Database\BaseConnection.php(692): CodeIgniter\Database\MySQLi\Connection->execute('UPDATE `login` SET `nama_admin` = \'Admin Hima\', `username` = \'hima\', `level_admin` = \'2\', `password` = \'1c864c46ada9723c572ba0c11c947a25\'
WHERE `login`.`id` IN (\'1\')')
 3 SYSTEMPATH\Database\BaseConnection.php(606): CodeIgniter\Database\BaseConnection->simpleQuery('UPDATE `login` SET `nama_admin` = \'Admin Hima\', `username` = \'hima\', `level_admin` = \'2\', `password` = \'1c864c46ada9723c572ba0c11c947a25\'
WHERE `login`.`id` IN (\'1\')')
 4 SYSTEMPATH\Database\BaseBuilder.php(2476): CodeIgniter\Database\BaseConnection->query('UPDATE `login` SET `nama_admin` = :nama_admin:, `username` = :username:, `level_admin` = :level_admin:, `password` = :password:
WHERE `login`.`id` IN :login.id:', [...], false)
 5 SYSTEMPATH\Model.php(396): CodeIgniter\Database\BaseBuilder->update()
 6 SYSTEMPATH\BaseModel.php(943): CodeIgniter\Model->doUpdate([...], [...])
 7 SYSTEMPATH\Model.php(756): CodeIgniter\BaseModel->update([...], [...])
 8 APPPATH\Controllers\HomeController.php(1042): CodeIgniter\Model->update('1', [...])
 9 SYSTEMPATH\CodeIgniter.php(932): App\Controllers\HomeController->admin_update()
10 SYSTEMPATH\CodeIgniter.php(497): CodeIgniter\CodeIgniter->runController(Object(App\Controllers\HomeController))
11 SYSTEMPATH\CodeIgniter.php(366): CodeIgniter\CodeIgniter->handleRequest(null, Object(Config\Cache), false)
12 FCPATH\index.php(67): CodeIgniter\CodeIgniter->run()
ERROR - 2023-08-22 06:39:19 --> mysqli_sql_exception: Column 'id_ukm' in field list is ambiguous in D:\Dev\xampp\htdocs\management_ukm\system\Database\MySQLi\Connection.php:295
Stack trace:
#0 D:\Dev\xampp\htdocs\management_ukm\system\Database\MySQLi\Connection.php(295): mysqli->query('SELECT `id_admi...', 0)
#1 D:\Dev\xampp\htdocs\management_ukm\system\Database\BaseConnection.php(692): CodeIgniter\Database\MySQLi\Connection->execute('SELECT `id_admi...')
#2 D:\Dev\xampp\htdocs\management_ukm\system\Database\BaseConnection.php(606): CodeIgniter\Database\BaseConnection->simpleQuery('SELECT `id_admi...')
#3 D:\Dev\xampp\htdocs\management_ukm\system\Database\BaseBuilder.php(1616): CodeIgniter\Database\BaseConnection->query('SELECT `id_admi...', Array, false)
#4 D:\Dev\xampp\htdocs\management_ukm\system\Model.php(836): CodeIgniter\Database\BaseBuilder->get()
#5 D:\Dev\xampp\htdocs\management_ukm\app\Controllers\HomeController.php(1015): CodeIgniter\Model->__call('get', Array)
#6 D:\Dev\xampp\htdocs\management_ukm\system\CodeIgniter.php(932): App\Controllers\HomeController->kelola_admin()
#7 D:\Dev\xampp\htdocs\management_ukm\system\CodeIgniter.php(497): CodeIgniter\CodeIgniter->runController(Object(App\Controllers\HomeController))
#8 D:\Dev\xampp\htdocs\management_ukm\system\CodeIgniter.php(366): CodeIgniter\CodeIgniter->handleRequest(NULL, Object(Config\Cache), false)
#9 D:\Dev\xampp\htdocs\management_ukm\index.php(67): CodeIgniter\CodeIgniter->run()
#10 {main}
CRITICAL - 2023-08-22 06:39:19 --> Column 'id_ukm' in field list is ambiguous
in SYSTEMPATH\Database\MySQLi\Connection.php on line 295.
 1 SYSTEMPATH\Database\MySQLi\Connection.php(295): mysqli->query('SELECT `id_admin`, `id_ukm`, `nama_ukm`, `nama_admin`, `username`, `password`, `level_admin`
FROM `login`
JOIN `nama_ukm` ON `login`.`id_ukm` = `nama_ukm`.`id_ukm`', 0)
 2 SYSTEMPATH\Database\BaseConnection.php(692): CodeIgniter\Database\MySQLi\Connection->execute('SELECT `id_admin`, `id_ukm`, `nama_ukm`, `nama_admin`, `username`, `password`, `level_admin`
FROM `login`
JOIN `nama_ukm` ON `login`.`id_ukm` = `nama_ukm`.`id_ukm`')
 3 SYSTEMPATH\Database\BaseConnection.php(606): CodeIgniter\Database\BaseConnection->simpleQuery('SELECT `id_admin`, `id_ukm`, `nama_ukm`, `nama_admin`, `username`, `password`, `level_admin`
FROM `login`
JOIN `nama_ukm` ON `login`.`id_ukm` = `nama_ukm`.`id_ukm`')
 4 SYSTEMPATH\Database\BaseBuilder.php(1616): CodeIgniter\Database\BaseConnection->query('SELECT `id_admin`, `id_ukm`, `nama_ukm`, `nama_admin`, `username`, `password`, `level_admin`
FROM `login`
JOIN `nama_ukm` ON `login`.`id_ukm` = `nama_ukm`.`id_ukm`', [], false)
 5 SYSTEMPATH\Model.php(836): CodeIgniter\Database\BaseBuilder->get()
 6 APPPATH\Controllers\HomeController.php(1015): CodeIgniter\Model->__call('get', [])
 7 SYSTEMPATH\CodeIgniter.php(932): App\Controllers\HomeController->kelola_admin()
 8 SYSTEMPATH\CodeIgniter.php(497): CodeIgniter\CodeIgniter->runController(Object(App\Controllers\HomeController))
 9 SYSTEMPATH\CodeIgniter.php(366): CodeIgniter\CodeIgniter->handleRequest(null, Object(Config\Cache), false)
10 FCPATH\index.php(67): CodeIgniter\CodeIgniter->run()
CRITICAL - 2023-08-22 07:10:17 --> The route for "#" cannot be found.
in SYSTEMPATH\HTTP\RedirectResponse.php on line 60.
 1 SYSTEMPATH\HTTP\RedirectResponse.php(60): CodeIgniter\HTTP\Exceptions\HTTPException::forInvalidRedirectRoute('#')
 2 APPPATH\Controllers\HomeController.php(61): CodeIgniter\HTTP\RedirectResponse->route(false)
 3 SYSTEMPATH\CodeIgniter.php(932): App\Controllers\HomeController->login()
 4 SYSTEMPATH\CodeIgniter.php(497): CodeIgniter\CodeIgniter->runController(Object(App\Controllers\HomeController))
 5 SYSTEMPATH\CodeIgniter.php(366): CodeIgniter\CodeIgniter->handleRequest(null, Object(Config\Cache), false)
 6 FCPATH\index.php(67): CodeIgniter\CodeIgniter->run()
CRITICAL - 2023-08-22 07:17:41 --> Use of undefined constant parent - assumed 'parent' (this will throw an Error in a future version of PHP)
in APPPATH\Controllers\HomeController.php on line 61.
 1 APPPATH\Controllers\HomeController.php(61): CodeIgniter\Debug\Exceptions->errorHandler(2, 'Use of undefined constant parent - assumed \'parent\' (this will throw an Error in a future version of PHP)', 'D:\\Dev\\xampp\\htdocs\\management_ukm\\app\\Controllers\\HomeController.php', 61, [...])
 2 SYSTEMPATH\CodeIgniter.php(932): App\Controllers\HomeController->login()
 3 SYSTEMPATH\CodeIgniter.php(497): CodeIgniter\CodeIgniter->runController(Object(App\Controllers\HomeController))
 4 SYSTEMPATH\CodeIgniter.php(366): CodeIgniter\CodeIgniter->handleRequest(null, Object(Config\Cache), false)
 5 FCPATH\index.php(67): CodeIgniter\CodeIgniter->run()
CRITICAL - 2023-08-22 07:23:04 --> Too few arguments to function CodeIgniter\HTTP\URI::getSegment(), 0 passed in D:\Dev\xampp\htdocs\management_ukm\app\Controllers\HomeController.php on line 62 and at least 1 expected
in SYSTEMPATH\HTTP\URI.php on line 542.
 1 APPPATH\Controllers\HomeController.php(62): CodeIgniter\HTTP\URI->getSegment()
 2 SYSTEMPATH\CodeIgniter.php(932): App\Controllers\HomeController->login()
 3 SYSTEMPATH\CodeIgniter.php(497): CodeIgniter\CodeIgniter->runController(Object(App\Controllers\HomeController))
 4 SYSTEMPATH\CodeIgniter.php(366): CodeIgniter\CodeIgniter->handleRequest(null, Object(Config\Cache), false)
 5 FCPATH\index.php(67): CodeIgniter\CodeIgniter->run()
