CRITICAL - 2023-08-23 01:35:21 --> Invalid argument supplied for foreach()
in APPPATH\Views\kelola_prestasi.php on line 96.
 1 APPPATH\Views\kelola_prestasi.php(96): CodeIgniter\Debug\Exceptions->errorHandler(2, 'Invalid argument supplied for foreach()', 'D:\\Dev\\xampp\\htdocs\\management_ukm\\app\\Views\\kelola_prestasi.php', 96, [...])
 2 SYSTEMPATH\View\View.php(224): include('D:\\Dev\\xampp\\htdocs\\management_ukm\\app\\Views\\kelola_prestasi.php')
 3 SYSTEMPATH\View\View.php(227): CodeIgniter\View\View->CodeIgniter\View\{closure}()
 4 SYSTEMPATH\Common.php(1180): CodeIgniter\View\View->render('kelola_prestasi', [], true)
 5 APPPATH\Controllers\HomeController.php(183): view('kelola_prestasi', [...])
 6 SYSTEMPATH\CodeIgniter.php(932): App\Controllers\HomeController->kelola_prestasi('0')
 7 SYSTEMPATH\CodeIgniter.php(497): CodeIgniter\CodeIgniter->runController(Object(App\Controllers\HomeController))
 8 SYSTEMPATH\CodeIgniter.php(366): CodeIgniter\CodeIgniter->handleRequest(null, Object(Config\Cache), false)
 9 FCPATH\index.php(67): CodeIgniter\CodeIgniter->run()
ERROR - 2023-08-23 01:52:21 --> mysqli_sql_exception: Column 'nama_prestasi' cannot be null in D:\Dev\xampp\htdocs\management_ukm\system\Database\MySQLi\Connection.php:295
Stack trace:
#0 D:\Dev\xampp\htdocs\management_ukm\system\Database\MySQLi\Connection.php(295): mysqli->query('INSERT INTO `pr...', 0)
#1 D:\Dev\xampp\htdocs\management_ukm\system\Database\BaseConnection.php(692): CodeIgniter\Database\MySQLi\Connection->execute('INSERT INTO `pr...')
#2 D:\Dev\xampp\htdocs\management_ukm\system\Database\BaseConnection.php(606): CodeIgniter\Database\BaseConnection->simpleQuery('INSERT INTO `pr...')
#3 D:\Dev\xampp\htdocs\management_ukm\system\Database\BaseBuilder.php(2309): CodeIgniter\Database\BaseConnection->query('INSERT INTO `pr...', Array, false)
#4 D:\Dev\xampp\htdocs\management_ukm\system\Model.php(330): CodeIgniter\Database\BaseBuilder->insert()
#5 D:\Dev\xampp\htdocs\management_ukm\system\BaseModel.php(782): CodeIgniter\Model->doInsert(Array)
#6 D:\Dev\xampp\htdocs\management_ukm\system\Model.php(730): CodeIgniter\BaseModel->insert(Array, true)
#7 D:\Dev\xampp\htdocs\management_ukm\app\Controllers\HomeController.php(233): CodeIgniter\Model->insert(Array)
#8 D:\Dev\xampp\htdocs\management_ukm\system\CodeIgniter.php(932): App\Controllers\HomeController->add_prestasi()
#9 D:\Dev\xampp\htdocs\management_ukm\system\CodeIgniter.php(497): CodeIgniter\CodeIgniter->runController(Object(App\Controllers\HomeController))
#10 D:\Dev\xampp\htdocs\management_ukm\system\CodeIgniter.php(366): CodeIgniter\CodeIgniter->handleRequest(NULL, Object(Config\Cache), false)
#11 D:\Dev\xampp\htdocs\management_ukm\index.php(67): CodeIgniter\CodeIgniter->run()
#12 {main}
CRITICAL - 2023-08-23 01:52:21 --> Column 'nama_prestasi' cannot be null
in SYSTEMPATH\Database\MySQLi\Connection.php on line 295.
 1 SYSTEMPATH\Database\MySQLi\Connection.php(295): mysqli->query('INSERT INTO `prestasi_ukm` (`nama_prestasi`, `tanggal_prestasi`, `nama_ukm`) VALUES (NULL, NULL, \'BTM\')', 0)
 2 SYSTEMPATH\Database\BaseConnection.php(692): CodeIgniter\Database\MySQLi\Connection->execute('INSERT INTO `prestasi_ukm` (`nama_prestasi`, `tanggal_prestasi`, `nama_ukm`) VALUES (NULL, NULL, \'BTM\')')
 3 SYSTEMPATH\Database\BaseConnection.php(606): CodeIgniter\Database\BaseConnection->simpleQuery('INSERT INTO `prestasi_ukm` (`nama_prestasi`, `tanggal_prestasi`, `nama_ukm`) VALUES (NULL, NULL, \'BTM\')')
 4 SYSTEMPATH\Database\BaseBuilder.php(2309): CodeIgniter\Database\BaseConnection->query('INSERT INTO `prestasi_ukm` (`nama_prestasi`, `tanggal_prestasi`, `nama_ukm`) VALUES (:nama_prestasi:, :tanggal_prestasi:, :nama_ukm:)', [...], false)
 5 SYSTEMPATH\Model.php(330): CodeIgniter\Database\BaseBuilder->insert()
 6 SYSTEMPATH\BaseModel.php(782): CodeIgniter\Model->doInsert([...])
 7 SYSTEMPATH\Model.php(730): CodeIgniter\BaseModel->insert([...], true)
 8 APPPATH\Controllers\HomeController.php(233): CodeIgniter\Model->insert([...])
 9 SYSTEMPATH\CodeIgniter.php(932): App\Controllers\HomeController->add_prestasi()
10 SYSTEMPATH\CodeIgniter.php(497): CodeIgniter\CodeIgniter->runController(Object(App\Controllers\HomeController))
11 SYSTEMPATH\CodeIgniter.php(366): CodeIgniter\CodeIgniter->handleRequest(null, Object(Config\Cache), false)
12 FCPATH\index.php(67): CodeIgniter\CodeIgniter->run()
ERROR - 2023-08-23 01:54:01 --> mysqli_sql_exception: Column 'nama_prestasi' cannot be null in D:\Dev\xampp\htdocs\management_ukm\system\Database\MySQLi\Connection.php:295
Stack trace:
#0 D:\Dev\xampp\htdocs\management_ukm\system\Database\MySQLi\Connection.php(295): mysqli->query('INSERT INTO `pr...', 0)
#1 D:\Dev\xampp\htdocs\management_ukm\system\Database\BaseConnection.php(692): CodeIgniter\Database\MySQLi\Connection->execute('INSERT INTO `pr...')
#2 D:\Dev\xampp\htdocs\management_ukm\system\Database\BaseConnection.php(606): CodeIgniter\Database\BaseConnection->simpleQuery('INSERT INTO `pr...')
#3 D:\Dev\xampp\htdocs\management_ukm\system\Database\BaseBuilder.php(2309): CodeIgniter\Database\BaseConnection->query('INSERT INTO `pr...', Array, false)
#4 D:\Dev\xampp\htdocs\management_ukm\system\Model.php(330): CodeIgniter\Database\BaseBuilder->insert()
#5 D:\Dev\xampp\htdocs\management_ukm\system\BaseModel.php(782): CodeIgniter\Model->doInsert(Array)
#6 D:\Dev\xampp\htdocs\management_ukm\system\Model.php(730): CodeIgniter\BaseModel->insert(Array, true)
#7 D:\Dev\xampp\htdocs\management_ukm\app\Controllers\HomeController.php(233): CodeIgniter\Model->insert(Array)
#8 D:\Dev\xampp\htdocs\management_ukm\system\CodeIgniter.php(932): App\Controllers\HomeController->add_prestasi()
#9 D:\Dev\xampp\htdocs\management_ukm\system\CodeIgniter.php(497): CodeIgniter\CodeIgniter->runController(Object(App\Controllers\HomeController))
#10 D:\Dev\xampp\htdocs\management_ukm\system\CodeIgniter.php(366): CodeIgniter\CodeIgniter->handleRequest(NULL, Object(Config\Cache), false)
#11 D:\Dev\xampp\htdocs\management_ukm\index.php(67): CodeIgniter\CodeIgniter->run()
#12 {main}
CRITICAL - 2023-08-23 01:54:01 --> Column 'nama_prestasi' cannot be null
in SYSTEMPATH\Database\MySQLi\Connection.php on line 295.
 1 SYSTEMPATH\Database\MySQLi\Connection.php(295): mysqli->query('INSERT INTO `prestasi_ukm` (`nama_prestasi`, `tanggal_prestasi`, `nama_ukm`) VALUES (NULL, NULL, \'BTM\')', 0)
 2 SYSTEMPATH\Database\BaseConnection.php(692): CodeIgniter\Database\MySQLi\Connection->execute('INSERT INTO `prestasi_ukm` (`nama_prestasi`, `tanggal_prestasi`, `nama_ukm`) VALUES (NULL, NULL, \'BTM\')')
 3 SYSTEMPATH\Database\BaseConnection.php(606): CodeIgniter\Database\BaseConnection->simpleQuery('INSERT INTO `prestasi_ukm` (`nama_prestasi`, `tanggal_prestasi`, `nama_ukm`) VALUES (NULL, NULL, \'BTM\')')
 4 SYSTEMPATH\Database\BaseBuilder.php(2309): CodeIgniter\Database\BaseConnection->query('INSERT INTO `prestasi_ukm` (`nama_prestasi`, `tanggal_prestasi`, `nama_ukm`) VALUES (:nama_prestasi:, :tanggal_prestasi:, :nama_ukm:)', [...], false)
 5 SYSTEMPATH\Model.php(330): CodeIgniter\Database\BaseBuilder->insert()
 6 SYSTEMPATH\BaseModel.php(782): CodeIgniter\Model->doInsert([...])
 7 SYSTEMPATH\Model.php(730): CodeIgniter\BaseModel->insert([...], true)
 8 APPPATH\Controllers\HomeController.php(233): CodeIgniter\Model->insert([...])
 9 SYSTEMPATH\CodeIgniter.php(932): App\Controllers\HomeController->add_prestasi()
10 SYSTEMPATH\CodeIgniter.php(497): CodeIgniter\CodeIgniter->runController(Object(App\Controllers\HomeController))
11 SYSTEMPATH\CodeIgniter.php(366): CodeIgniter\CodeIgniter->handleRequest(null, Object(Config\Cache), false)
12 FCPATH\index.php(67): CodeIgniter\CodeIgniter->run()
ERROR - 2023-08-23 02:12:03 --> mysqli_sql_exception: Column 'nim' cannot be null in D:\Dev\xampp\htdocs\management_ukm\system\Database\MySQLi\Connection.php:295
Stack trace:
#0 D:\Dev\xampp\htdocs\management_ukm\system\Database\MySQLi\Connection.php(295): mysqli->query('INSERT INTO `an...', 0)
#1 D:\Dev\xampp\htdocs\management_ukm\system\Database\BaseConnection.php(692): CodeIgniter\Database\MySQLi\Connection->execute('INSERT INTO `an...')
#2 D:\Dev\xampp\htdocs\management_ukm\system\Database\BaseConnection.php(606): CodeIgniter\Database\BaseConnection->simpleQuery('INSERT INTO `an...')
#3 D:\Dev\xampp\htdocs\management_ukm\system\Database\BaseBuilder.php(2309): CodeIgniter\Database\BaseConnection->query('INSERT INTO `an...', Array, false)
#4 D:\Dev\xampp\htdocs\management_ukm\system\Model.php(330): CodeIgniter\Database\BaseBuilder->insert()
#5 D:\Dev\xampp\htdocs\management_ukm\system\BaseModel.php(782): CodeIgniter\Model->doInsert(Array)
#6 D:\Dev\xampp\htdocs\management_ukm\system\Model.php(730): CodeIgniter\BaseModel->insert(Array, true)
#7 D:\Dev\xampp\htdocs\management_ukm\app\Controllers\HomeController.php(355): CodeIgniter\Model->insert(Array)
#8 D:\Dev\xampp\htdocs\management_ukm\system\CodeIgniter.php(932): App\Controllers\HomeController->add_anggota()
#9 D:\Dev\xampp\htdocs\management_ukm\system\CodeIgniter.php(497): CodeIgniter\CodeIgniter->runController(Object(App\Controllers\HomeController))
#10 D:\Dev\xampp\htdocs\management_ukm\system\CodeIgniter.php(366): CodeIgniter\CodeIgniter->handleRequest(NULL, Object(Config\Cache), false)
#11 D:\Dev\xampp\htdocs\management_ukm\index.php(67): CodeIgniter\CodeIgniter->run()
#12 {main}
CRITICAL - 2023-08-23 02:12:03 --> Column 'nim' cannot be null
in SYSTEMPATH\Database\MySQLi\Connection.php on line 295.
 1 SYSTEMPATH\Database\MySQLi\Connection.php(295): mysqli->query('INSERT INTO `anggota` (`nim`, `nama_mahasiswa`, `fakultas`, `jurusan`, `alamat`, `tempat_lahir`, `tanggal_lahir`, `id_ukm`) VALUES (NULL, NULL, NULL, NULL, NULL, NULL, NULL, \'5\')', 0)
 2 SYSTEMPATH\Database\BaseConnection.php(692): CodeIgniter\Database\MySQLi\Connection->execute('INSERT INTO `anggota` (`nim`, `nama_mahasiswa`, `fakultas`, `jurusan`, `alamat`, `tempat_lahir`, `tanggal_lahir`, `id_ukm`) VALUES (NULL, NULL, NULL, NULL, NULL, NULL, NULL, \'5\')')
 3 SYSTEMPATH\Database\BaseConnection.php(606): CodeIgniter\Database\BaseConnection->simpleQuery('INSERT INTO `anggota` (`nim`, `nama_mahasiswa`, `fakultas`, `jurusan`, `alamat`, `tempat_lahir`, `tanggal_lahir`, `id_ukm`) VALUES (NULL, NULL, NULL, NULL, NULL, NULL, NULL, \'5\')')
 4 SYSTEMPATH\Database\BaseBuilder.php(2309): CodeIgniter\Database\BaseConnection->query('INSERT INTO `anggota` (`nim`, `nama_mahasiswa`, `fakultas`, `jurusan`, `alamat`, `tempat_lahir`, `tanggal_lahir`, `id_ukm`) VALUES (:nim:, :nama_mahasiswa:, :fakultas:, :jurusan:, :alamat:, :tempat_lahir:, :tanggal_lahir:, :id_ukm:)', [...], false)
 5 SYSTEMPATH\Model.php(330): CodeIgniter\Database\BaseBuilder->insert()
 6 SYSTEMPATH\BaseModel.php(782): CodeIgniter\Model->doInsert([...])
 7 SYSTEMPATH\Model.php(730): CodeIgniter\BaseModel->insert([...], true)
 8 APPPATH\Controllers\HomeController.php(355): CodeIgniter\Model->insert([...])
 9 SYSTEMPATH\CodeIgniter.php(932): App\Controllers\HomeController->add_anggota()
10 SYSTEMPATH\CodeIgniter.php(497): CodeIgniter\CodeIgniter->runController(Object(App\Controllers\HomeController))
11 SYSTEMPATH\CodeIgniter.php(366): CodeIgniter\CodeIgniter->handleRequest(null, Object(Config\Cache), false)
12 FCPATH\index.php(67): CodeIgniter\CodeIgniter->run()
ERROR - 2023-08-23 02:13:00 --> mysqli_sql_exception: Column 'nim' cannot be null in D:\Dev\xampp\htdocs\management_ukm\system\Database\MySQLi\Connection.php:295
Stack trace:
#0 D:\Dev\xampp\htdocs\management_ukm\system\Database\MySQLi\Connection.php(295): mysqli->query('INSERT INTO `an...', 0)
#1 D:\Dev\xampp\htdocs\management_ukm\system\Database\BaseConnection.php(692): CodeIgniter\Database\MySQLi\Connection->execute('INSERT INTO `an...')
#2 D:\Dev\xampp\htdocs\management_ukm\system\Database\BaseConnection.php(606): CodeIgniter\Database\BaseConnection->simpleQuery('INSERT INTO `an...')
#3 D:\Dev\xampp\htdocs\management_ukm\system\Database\BaseBuilder.php(2309): CodeIgniter\Database\BaseConnection->query('INSERT INTO `an...', Array, false)
#4 D:\Dev\xampp\htdocs\management_ukm\system\Model.php(330): CodeIgniter\Database\BaseBuilder->insert()
#5 D:\Dev\xampp\htdocs\management_ukm\system\BaseModel.php(782): CodeIgniter\Model->doInsert(Array)
#6 D:\Dev\xampp\htdocs\management_ukm\system\Model.php(730): CodeIgniter\BaseModel->insert(Array, true)
#7 D:\Dev\xampp\htdocs\management_ukm\app\Controllers\HomeController.php(355): CodeIgniter\Model->insert(Array)
#8 D:\Dev\xampp\htdocs\management_ukm\system\CodeIgniter.php(932): App\Controllers\HomeController->add_anggota()
#9 D:\Dev\xampp\htdocs\management_ukm\system\CodeIgniter.php(497): CodeIgniter\CodeIgniter->runController(Object(App\Controllers\HomeController))
#10 D:\Dev\xampp\htdocs\management_ukm\system\CodeIgniter.php(366): CodeIgniter\CodeIgniter->handleRequest(NULL, Object(Config\Cache), false)
#11 D:\Dev\xampp\htdocs\management_ukm\index.php(67): CodeIgniter\CodeIgniter->run()
#12 {main}
CRITICAL - 2023-08-23 02:13:00 --> Column 'nim' cannot be null
in SYSTEMPATH\Database\MySQLi\Connection.php on line 295.
 1 SYSTEMPATH\Database\MySQLi\Connection.php(295): mysqli->query('INSERT INTO `anggota` (`nim`, `nama_mahasiswa`, `fakultas`, `jurusan`, `alamat`, `tempat_lahir`, `tanggal_lahir`, `id_ukm`) VALUES (NULL, NULL, NULL, NULL, NULL, NULL, NULL, \'5\')', 0)
 2 SYSTEMPATH\Database\BaseConnection.php(692): CodeIgniter\Database\MySQLi\Connection->execute('INSERT INTO `anggota` (`nim`, `nama_mahasiswa`, `fakultas`, `jurusan`, `alamat`, `tempat_lahir`, `tanggal_lahir`, `id_ukm`) VALUES (NULL, NULL, NULL, NULL, NULL, NULL, NULL, \'5\')')
 3 SYSTEMPATH\Database\BaseConnection.php(606): CodeIgniter\Database\BaseConnection->simpleQuery('INSERT INTO `anggota` (`nim`, `nama_mahasiswa`, `fakultas`, `jurusan`, `alamat`, `tempat_lahir`, `tanggal_lahir`, `id_ukm`) VALUES (NULL, NULL, NULL, NULL, NULL, NULL, NULL, \'5\')')
 4 SYSTEMPATH\Database\BaseBuilder.php(2309): CodeIgniter\Database\BaseConnection->query('INSERT INTO `anggota` (`nim`, `nama_mahasiswa`, `fakultas`, `jurusan`, `alamat`, `tempat_lahir`, `tanggal_lahir`, `id_ukm`) VALUES (:nim:, :nama_mahasiswa:, :fakultas:, :jurusan:, :alamat:, :tempat_lahir:, :tanggal_lahir:, :id_ukm:)', [...], false)
 5 SYSTEMPATH\Model.php(330): CodeIgniter\Database\BaseBuilder->insert()
 6 SYSTEMPATH\BaseModel.php(782): CodeIgniter\Model->doInsert([...])
 7 SYSTEMPATH\Model.php(730): CodeIgniter\BaseModel->insert([...], true)
 8 APPPATH\Controllers\HomeController.php(355): CodeIgniter\Model->insert([...])
 9 SYSTEMPATH\CodeIgniter.php(932): App\Controllers\HomeController->add_anggota()
10 SYSTEMPATH\CodeIgniter.php(497): CodeIgniter\CodeIgniter->runController(Object(App\Controllers\HomeController))
11 SYSTEMPATH\CodeIgniter.php(366): CodeIgniter\CodeIgniter->handleRequest(null, Object(Config\Cache), false)
12 FCPATH\index.php(67): CodeIgniter\CodeIgniter->run()
ERROR - 2023-08-23 02:39:37 --> mysqli_sql_exception: Column 'id_ukm' cannot be null in D:\Dev\xampp\htdocs\management_ukm\system\Database\MySQLi\Connection.php:295
Stack trace:
#0 D:\Dev\xampp\htdocs\management_ukm\system\Database\MySQLi\Connection.php(295): mysqli->query('INSERT INTO `an...', 0)
#1 D:\Dev\xampp\htdocs\management_ukm\system\Database\BaseConnection.php(692): CodeIgniter\Database\MySQLi\Connection->execute('INSERT INTO `an...')
#2 D:\Dev\xampp\htdocs\management_ukm\system\Database\BaseConnection.php(606): CodeIgniter\Database\BaseConnection->simpleQuery('INSERT INTO `an...')
#3 D:\Dev\xampp\htdocs\management_ukm\system\Database\BaseBuilder.php(2309): CodeIgniter\Database\BaseConnection->query('INSERT INTO `an...', Array, false)
#4 D:\Dev\xampp\htdocs\management_ukm\system\Model.php(330): CodeIgniter\Database\BaseBuilder->insert()
#5 D:\Dev\xampp\htdocs\management_ukm\system\BaseModel.php(782): CodeIgniter\Model->doInsert(Array)
#6 D:\Dev\xampp\htdocs\management_ukm\system\Model.php(730): CodeIgniter\BaseModel->insert(Array, true)
#7 D:\Dev\xampp\htdocs\management_ukm\app\Controllers\HomeController.php(366): CodeIgniter\Model->insert(Array)
#8 D:\Dev\xampp\htdocs\management_ukm\system\CodeIgniter.php(932): App\Controllers\HomeController->add_anggota()
#9 D:\Dev\xampp\htdocs\management_ukm\system\CodeIgniter.php(497): CodeIgniter\CodeIgniter->runController(Object(App\Controllers\HomeController))
#10 D:\Dev\xampp\htdocs\management_ukm\system\CodeIgniter.php(366): CodeIgniter\CodeIgniter->handleRequest(NULL, Object(Config\Cache), false)
#11 D:\Dev\xampp\htdocs\management_ukm\index.php(67): CodeIgniter\CodeIgniter->run()
#12 {main}
CRITICAL - 2023-08-23 02:39:37 --> Column 'id_ukm' cannot be null
in SYSTEMPATH\Database\MySQLi\Connection.php on line 295.
 1 SYSTEMPATH\Database\MySQLi\Connection.php(295): mysqli->query('INSERT INTO `anggota` (`nim`, `nama_mahasiswa`, `fakultas`, `jurusan`, `alamat`, `tempat_lahir`, `tanggal_lahir`, `id_ukm`) VALUES (\'1231231\', \'asdasda\', \'asdasd\', \'asdasd\', \'asdasd\', \'asdasd\', \'2023-08-05\', NULL)', 0)
 2 SYSTEMPATH\Database\BaseConnection.php(692): CodeIgniter\Database\MySQLi\Connection->execute('INSERT INTO `anggota` (`nim`, `nama_mahasiswa`, `fakultas`, `jurusan`, `alamat`, `tempat_lahir`, `tanggal_lahir`, `id_ukm`) VALUES (\'1231231\', \'asdasda\', \'asdasd\', \'asdasd\', \'asdasd\', \'asdasd\', \'2023-08-05\', NULL)')
 3 SYSTEMPATH\Database\BaseConnection.php(606): CodeIgniter\Database\BaseConnection->simpleQuery('INSERT INTO `anggota` (`nim`, `nama_mahasiswa`, `fakultas`, `jurusan`, `alamat`, `tempat_lahir`, `tanggal_lahir`, `id_ukm`) VALUES (\'1231231\', \'asdasda\', \'asdasd\', \'asdasd\', \'asdasd\', \'asdasd\', \'2023-08-05\', NULL)')
 4 SYSTEMPATH\Database\BaseBuilder.php(2309): CodeIgniter\Database\BaseConnection->query('INSERT INTO `anggota` (`nim`, `nama_mahasiswa`, `fakultas`, `jurusan`, `alamat`, `tempat_lahir`, `tanggal_lahir`, `id_ukm`) VALUES (:nim:, :nama_mahasiswa:, :fakultas:, :jurusan:, :alamat:, :tempat_lahir:, :tanggal_lahir:, :id_ukm:)', [...], false)
 5 SYSTEMPATH\Model.php(330): CodeIgniter\Database\BaseBuilder->insert()
 6 SYSTEMPATH\BaseModel.php(782): CodeIgniter\Model->doInsert([...])
 7 SYSTEMPATH\Model.php(730): CodeIgniter\BaseModel->insert([...], true)
 8 APPPATH\Controllers\HomeController.php(366): CodeIgniter\Model->insert([...])
 9 SYSTEMPATH\CodeIgniter.php(932): App\Controllers\HomeController->add_anggota()
10 SYSTEMPATH\CodeIgniter.php(497): CodeIgniter\CodeIgniter->runController(Object(App\Controllers\HomeController))
11 SYSTEMPATH\CodeIgniter.php(366): CodeIgniter\CodeIgniter->handleRequest(null, Object(Config\Cache), false)
12 FCPATH\index.php(67): CodeIgniter\CodeIgniter->run()
