ERROR - 2023-08-19 04:39:35 --> Error connecting to the database: mysqli_sql_exception: No connection could be made because the target machine actively refused it.
 in D:\Dev\xampp\htdocs\management_ukm\system\Database\MySQLi\Connection.php:174
Stack trace:
#0 D:\Dev\xampp\htdocs\management_ukm\system\Database\MySQLi\Connection.php(174): mysqli->real_connect('localhost', 'root', '', 'ukm_db', 3306, '', 0)
#1 D:\Dev\xampp\htdocs\management_ukm\system\Database\BaseConnection.php(391): CodeIgniter\Database\MySQLi\Connection->connect(false)
#2 D:\Dev\xampp\htdocs\management_ukm\system\Database\BaseConnection.php(574): CodeIgniter\Database\BaseConnection->initialize()
#3 D:\Dev\xampp\htdocs\management_ukm\system\Database\BaseBuilder.php(1616): CodeIgniter\Database\BaseConnection->query('SELECT *\nFROM `...', Array, false)
#4 D:\Dev\xampp\htdocs\management_ukm\system\Model.php(241): CodeIgniter\Database\BaseBuilder->get()
#5 D:\Dev\xampp\htdocs\management_ukm\system\BaseModel.php(618): CodeIgniter\Model->doFindAll(0, 0)
#6 D:\Dev\xampp\htdocs\management_ukm\app\Controllers\HomeController.php(21): CodeIgniter\BaseModel->findAll()
#7 D:\Dev\xampp\htdocs\management_ukm\system\CodeIgniter.php(932): App\Controllers\HomeController->index()
#8 D:\Dev\xampp\htdocs\management_ukm\system\CodeIgniter.php(497): CodeIgniter\CodeIgniter->runController(Object(App\Controllers\HomeController))
#9 D:\Dev\xampp\htdocs\management_ukm\system\CodeIgniter.php(366): CodeIgniter\CodeIgniter->handleRequest(NULL, Object(Config\Cache), false)
#10 D:\Dev\xampp\htdocs\management_ukm\index.php(67): CodeIgniter\CodeIgniter->run()
#11 {main}

Next CodeIgniter\Database\Exceptions\DatabaseException: No connection could be made because the target machine actively refused it.
 in D:\Dev\xampp\htdocs\management_ukm\system\Database\MySQLi\Connection.php:218
Stack trace:
#0 D:\Dev\xampp\htdocs\management_ukm\system\Database\BaseConnection.php(391): CodeIgniter\Database\MySQLi\Connection->connect(false)
#1 D:\Dev\xampp\htdocs\management_ukm\system\Database\BaseConnection.php(574): CodeIgniter\Database\BaseConnection->initialize()
#2 D:\Dev\xampp\htdocs\management_ukm\system\Database\BaseBuilder.php(1616): CodeIgniter\Database\BaseConnection->query('SELECT *\nFROM `...', Array, false)
#3 D:\Dev\xampp\htdocs\management_ukm\system\Model.php(241): CodeIgniter\Database\BaseBuilder->get()
#4 D:\Dev\xampp\htdocs\management_ukm\system\BaseModel.php(618): CodeIgniter\Model->doFindAll(0, 0)
#5 D:\Dev\xampp\htdocs\management_ukm\app\Controllers\HomeController.php(21): CodeIgniter\BaseModel->findAll()
#6 D:\Dev\xampp\htdocs\management_ukm\system\CodeIgniter.php(932): App\Controllers\HomeController->index()
#7 D:\Dev\xampp\htdocs\management_ukm\system\CodeIgniter.php(497): CodeIgniter\CodeIgniter->runController(Object(App\Controllers\HomeController))
#8 D:\Dev\xampp\htdocs\management_ukm\system\CodeIgniter.php(366): CodeIgniter\CodeIgniter->handleRequest(NULL, Object(Config\Cache), false)
#9 D:\Dev\xampp\htdocs\management_ukm\index.php(67): CodeIgniter\CodeIgniter->run()
#10 {main}
CRITICAL - 2023-08-19 04:39:35 --> Unable to connect to the database.
Main connection [MySQLi]: No connection could be made because the target machine actively refused it.

in SYSTEMPATH\Database\BaseConnection.php on line 427.
 1 SYSTEMPATH\Database\BaseConnection.php(574): CodeIgniter\Database\BaseConnection->initialize()
 2 SYSTEMPATH\Database\BaseBuilder.php(1616): CodeIgniter\Database\BaseConnection->query('SELECT *
FROM `nama_ukm`', [], false)
 3 SYSTEMPATH\Model.php(241): CodeIgniter\Database\BaseBuilder->get()
 4 SYSTEMPATH\BaseModel.php(618): CodeIgniter\Model->doFindAll(0, 0)
 5 APPPATH\Controllers\HomeController.php(21): CodeIgniter\BaseModel->findAll()
 6 SYSTEMPATH\CodeIgniter.php(932): App\Controllers\HomeController->index()
 7 SYSTEMPATH\CodeIgniter.php(497): CodeIgniter\CodeIgniter->runController(Object(App\Controllers\HomeController))
 8 SYSTEMPATH\CodeIgniter.php(366): CodeIgniter\CodeIgniter->handleRequest(null, Object(Config\Cache), false)
 9 FCPATH\index.php(67): CodeIgniter\CodeIgniter->run()
CRITICAL - 2023-08-19 05:34:41 --> Too few arguments to function App\Controllers\HomeController::download(), 1 passed in D:\Dev\xampp\htdocs\management_ukm\system\CodeIgniter.php on line 932 and exactly 2 expected
in APPPATH\Controllers\HomeController.php on line 515.
 1 SYSTEMPATH\CodeIgniter.php(932): App\Controllers\HomeController->download('Daftar IPK.pdf')
 2 SYSTEMPATH\CodeIgniter.php(497): CodeIgniter\CodeIgniter->runController(Object(App\Controllers\HomeController))
 3 SYSTEMPATH\CodeIgniter.php(366): CodeIgniter\CodeIgniter->handleRequest(null, Object(Config\Cache), false)
 4 FCPATH\index.php(67): CodeIgniter\CodeIgniter->run()
CRITICAL - 2023-08-19 06:00:47 --> Deletes are not allowed unless they contain a "where" or "like" clause.
in SYSTEMPATH\Database\BaseBuilder.php on line 2767.
 1 SYSTEMPATH\Model.php(456): CodeIgniter\Database\BaseBuilder->delete()
 2 SYSTEMPATH\BaseModel.php(1065): CodeIgniter\Model->doDelete('', false)
 3 APPPATH\Controllers\HomeController.php(500): CodeIgniter\BaseModel->delete('')
 4 SYSTEMPATH\CodeIgniter.php(932): App\Controllers\HomeController->delete_lpj()
 5 SYSTEMPATH\CodeIgniter.php(497): CodeIgniter\CodeIgniter->runController(Object(App\Controllers\HomeController))
 6 SYSTEMPATH\CodeIgniter.php(366): CodeIgniter\CodeIgniter->handleRequest(null, Object(Config\Cache), false)
 7 FCPATH\index.php(67): CodeIgniter\CodeIgniter->run()
CRITICAL - 2023-08-19 06:38:56 --> Call to a member function getName() on null
in APPPATH\Controllers\HomeController.php on line 739.
 1 SYSTEMPATH\CodeIgniter.php(932): App\Controllers\HomeController->add_dokumentasi()
 2 SYSTEMPATH\CodeIgniter.php(497): CodeIgniter\CodeIgniter->runController(Object(App\Controllers\HomeController))
 3 SYSTEMPATH\CodeIgniter.php(366): CodeIgniter\CodeIgniter->handleRequest(null, Object(Config\Cache), false)
 4 FCPATH\index.php(67): CodeIgniter\CodeIgniter->run()
ERROR - 2023-08-19 06:39:40 --> mysqli_sql_exception: Column 'image' cannot be null in D:\Dev\xampp\htdocs\management_ukm\system\Database\MySQLi\Connection.php:295
Stack trace:
#0 D:\Dev\xampp\htdocs\management_ukm\system\Database\MySQLi\Connection.php(295): mysqli->query('INSERT INTO `do...', 0)
#1 D:\Dev\xampp\htdocs\management_ukm\system\Database\BaseConnection.php(692): CodeIgniter\Database\MySQLi\Connection->execute('INSERT INTO `do...')
#2 D:\Dev\xampp\htdocs\management_ukm\system\Database\BaseConnection.php(606): CodeIgniter\Database\BaseConnection->simpleQuery('INSERT INTO `do...')
#3 D:\Dev\xampp\htdocs\management_ukm\system\Database\BaseBuilder.php(2309): CodeIgniter\Database\BaseConnection->query('INSERT INTO `do...', Array, false)
#4 D:\Dev\xampp\htdocs\management_ukm\system\Model.php(330): CodeIgniter\Database\BaseBuilder->insert()
#5 D:\Dev\xampp\htdocs\management_ukm\system\BaseModel.php(782): CodeIgniter\Model->doInsert(Array)
#6 D:\Dev\xampp\htdocs\management_ukm\system\Model.php(730): CodeIgniter\BaseModel->insert(Array, true)
#7 D:\Dev\xampp\htdocs\management_ukm\app\Controllers\HomeController.php(748): CodeIgniter\Model->insert(Array)
#8 D:\Dev\xampp\htdocs\management_ukm\system\CodeIgniter.php(932): App\Controllers\HomeController->add_dokumentasi()
#9 D:\Dev\xampp\htdocs\management_ukm\system\CodeIgniter.php(497): CodeIgniter\CodeIgniter->runController(Object(App\Controllers\HomeController))
#10 D:\Dev\xampp\htdocs\management_ukm\system\CodeIgniter.php(366): CodeIgniter\CodeIgniter->handleRequest(NULL, Object(Config\Cache), false)
#11 D:\Dev\xampp\htdocs\management_ukm\index.php(67): CodeIgniter\CodeIgniter->run()
#12 {main}
CRITICAL - 2023-08-19 06:39:40 --> Column 'image' cannot be null
in SYSTEMPATH\Database\MySQLi\Connection.php on line 295.
 1 SYSTEMPATH\Database\MySQLi\Connection.php(295): mysqli->query('INSERT INTO `dokumentasi` (`id_ukm`, `image`, `tanggal_dokumentasi`, `keterangan`) VALUES (\'1\', NULL, \'2023-08-17\', \'17 Agustus Tahun 45~\')', 0)
 2 SYSTEMPATH\Database\BaseConnection.php(692): CodeIgniter\Database\MySQLi\Connection->execute('INSERT INTO `dokumentasi` (`id_ukm`, `image`, `tanggal_dokumentasi`, `keterangan`) VALUES (\'1\', NULL, \'2023-08-17\', \'17 Agustus Tahun 45~\')')
 3 SYSTEMPATH\Database\BaseConnection.php(606): CodeIgniter\Database\BaseConnection->simpleQuery('INSERT INTO `dokumentasi` (`id_ukm`, `image`, `tanggal_dokumentasi`, `keterangan`) VALUES (\'1\', NULL, \'2023-08-17\', \'17 Agustus Tahun 45~\')')
 4 SYSTEMPATH\Database\BaseBuilder.php(2309): CodeIgniter\Database\BaseConnection->query('INSERT INTO `dokumentasi` (`id_ukm`, `image`, `tanggal_dokumentasi`, `keterangan`) VALUES (:id_ukm:, :image:, :tanggal_dokumentasi:, :keterangan:)', [...], false)
 5 SYSTEMPATH\Model.php(330): CodeIgniter\Database\BaseBuilder->insert()
 6 SYSTEMPATH\BaseModel.php(782): CodeIgniter\Model->doInsert([...])
 7 SYSTEMPATH\Model.php(730): CodeIgniter\BaseModel->insert([...], true)
 8 APPPATH\Controllers\HomeController.php(748): CodeIgniter\Model->insert([...])
 9 SYSTEMPATH\CodeIgniter.php(932): App\Controllers\HomeController->add_dokumentasi()
10 SYSTEMPATH\CodeIgniter.php(497): CodeIgniter\CodeIgniter->runController(Object(App\Controllers\HomeController))
11 SYSTEMPATH\CodeIgniter.php(366): CodeIgniter\CodeIgniter->handleRequest(null, Object(Config\Cache), false)
12 FCPATH\index.php(67): CodeIgniter\CodeIgniter->run()
ERROR - 2023-08-19 06:41:03 --> mysqli_sql_exception: Column 'image' cannot be null in D:\Dev\xampp\htdocs\management_ukm\system\Database\MySQLi\Connection.php:295
Stack trace:
#0 D:\Dev\xampp\htdocs\management_ukm\system\Database\MySQLi\Connection.php(295): mysqli->query('INSERT INTO `do...', 0)
#1 D:\Dev\xampp\htdocs\management_ukm\system\Database\BaseConnection.php(692): CodeIgniter\Database\MySQLi\Connection->execute('INSERT INTO `do...')
#2 D:\Dev\xampp\htdocs\management_ukm\system\Database\BaseConnection.php(606): CodeIgniter\Database\BaseConnection->simpleQuery('INSERT INTO `do...')
#3 D:\Dev\xampp\htdocs\management_ukm\system\Database\BaseBuilder.php(2309): CodeIgniter\Database\BaseConnection->query('INSERT INTO `do...', Array, false)
#4 D:\Dev\xampp\htdocs\management_ukm\system\Model.php(330): CodeIgniter\Database\BaseBuilder->insert()
#5 D:\Dev\xampp\htdocs\management_ukm\system\BaseModel.php(782): CodeIgniter\Model->doInsert(Array)
#6 D:\Dev\xampp\htdocs\management_ukm\system\Model.php(730): CodeIgniter\BaseModel->insert(Array, true)
#7 D:\Dev\xampp\htdocs\management_ukm\app\Controllers\HomeController.php(748): CodeIgniter\Model->insert(Array)
#8 D:\Dev\xampp\htdocs\management_ukm\system\CodeIgniter.php(932): App\Controllers\HomeController->add_dokumentasi()
#9 D:\Dev\xampp\htdocs\management_ukm\system\CodeIgniter.php(497): CodeIgniter\CodeIgniter->runController(Object(App\Controllers\HomeController))
#10 D:\Dev\xampp\htdocs\management_ukm\system\CodeIgniter.php(366): CodeIgniter\CodeIgniter->handleRequest(NULL, Object(Config\Cache), false)
#11 D:\Dev\xampp\htdocs\management_ukm\index.php(67): CodeIgniter\CodeIgniter->run()
#12 {main}
CRITICAL - 2023-08-19 06:41:03 --> Column 'image' cannot be null
in SYSTEMPATH\Database\MySQLi\Connection.php on line 295.
 1 SYSTEMPATH\Database\MySQLi\Connection.php(295): mysqli->query('INSERT INTO `dokumentasi` (`id_ukm`, `image`, `tanggal_dokumentasi`, `keterangan`) VALUES (\'1\', NULL, \'2023-08-17\', \'17 Agustus Tahun 45~\')', 0)
 2 SYSTEMPATH\Database\BaseConnection.php(692): CodeIgniter\Database\MySQLi\Connection->execute('INSERT INTO `dokumentasi` (`id_ukm`, `image`, `tanggal_dokumentasi`, `keterangan`) VALUES (\'1\', NULL, \'2023-08-17\', \'17 Agustus Tahun 45~\')')
 3 SYSTEMPATH\Database\BaseConnection.php(606): CodeIgniter\Database\BaseConnection->simpleQuery('INSERT INTO `dokumentasi` (`id_ukm`, `image`, `tanggal_dokumentasi`, `keterangan`) VALUES (\'1\', NULL, \'2023-08-17\', \'17 Agustus Tahun 45~\')')
 4 SYSTEMPATH\Database\BaseBuilder.php(2309): CodeIgniter\Database\BaseConnection->query('INSERT INTO `dokumentasi` (`id_ukm`, `image`, `tanggal_dokumentasi`, `keterangan`) VALUES (:id_ukm:, :image:, :tanggal_dokumentasi:, :keterangan:)', [...], false)
 5 SYSTEMPATH\Model.php(330): CodeIgniter\Database\BaseBuilder->insert()
 6 SYSTEMPATH\BaseModel.php(782): CodeIgniter\Model->doInsert([...])
 7 SYSTEMPATH\Model.php(730): CodeIgniter\BaseModel->insert([...], true)
 8 APPPATH\Controllers\HomeController.php(748): CodeIgniter\Model->insert([...])
 9 SYSTEMPATH\CodeIgniter.php(932): App\Controllers\HomeController->add_dokumentasi()
10 SYSTEMPATH\CodeIgniter.php(497): CodeIgniter\CodeIgniter->runController(Object(App\Controllers\HomeController))
11 SYSTEMPATH\CodeIgniter.php(366): CodeIgniter\CodeIgniter->handleRequest(null, Object(Config\Cache), false)
12 FCPATH\index.php(67): CodeIgniter\CodeIgniter->run()
CRITICAL - 2023-08-19 07:09:49 --> Call to a member function getName() on null
in APPPATH\Controllers\HomeController.php on line 735.
 1 SYSTEMPATH\CodeIgniter.php(932): App\Controllers\HomeController->add_dokumentasi()
 2 SYSTEMPATH\CodeIgniter.php(497): CodeIgniter\CodeIgniter->runController(Object(App\Controllers\HomeController))
 3 SYSTEMPATH\CodeIgniter.php(366): CodeIgniter\CodeIgniter->handleRequest(null, Object(Config\Cache), false)
 4 FCPATH\index.php(67): CodeIgniter\CodeIgniter->run()
ERROR - 2023-08-19 07:13:52 --> mysqli_sql_exception: Column 'tanggal_dokumentasi' cannot be null in D:\Dev\xampp\htdocs\management_ukm\system\Database\MySQLi\Connection.php:295
Stack trace:
#0 D:\Dev\xampp\htdocs\management_ukm\system\Database\MySQLi\Connection.php(295): mysqli->query('INSERT INTO `do...', 0)
#1 D:\Dev\xampp\htdocs\management_ukm\system\Database\BaseConnection.php(692): CodeIgniter\Database\MySQLi\Connection->execute('INSERT INTO `do...')
#2 D:\Dev\xampp\htdocs\management_ukm\system\Database\BaseConnection.php(606): CodeIgniter\Database\BaseConnection->simpleQuery('INSERT INTO `do...')
#3 D:\Dev\xampp\htdocs\management_ukm\system\Database\BaseBuilder.php(2309): CodeIgniter\Database\BaseConnection->query('INSERT INTO `do...', Array, false)
#4 D:\Dev\xampp\htdocs\management_ukm\system\Model.php(330): CodeIgniter\Database\BaseBuilder->insert()
#5 D:\Dev\xampp\htdocs\management_ukm\system\BaseModel.php(782): CodeIgniter\Model->doInsert(Array)
#6 D:\Dev\xampp\htdocs\management_ukm\system\Model.php(730): CodeIgniter\BaseModel->insert(Array, true)
#7 D:\Dev\xampp\htdocs\management_ukm\app\Controllers\HomeController.php(748): CodeIgniter\Model->insert(Array)
#8 D:\Dev\xampp\htdocs\management_ukm\system\CodeIgniter.php(932): App\Controllers\HomeController->add_dokumentasi()
#9 D:\Dev\xampp\htdocs\management_ukm\system\CodeIgniter.php(497): CodeIgniter\CodeIgniter->runController(Object(App\Controllers\HomeController))
#10 D:\Dev\xampp\htdocs\management_ukm\system\CodeIgniter.php(366): CodeIgniter\CodeIgniter->handleRequest(NULL, Object(Config\Cache), false)
#11 D:\Dev\xampp\htdocs\management_ukm\index.php(67): CodeIgniter\CodeIgniter->run()
#12 {main}
CRITICAL - 2023-08-19 07:13:52 --> Column 'tanggal_dokumentasi' cannot be null
in SYSTEMPATH\Database\MySQLi\Connection.php on line 295.
 1 SYSTEMPATH\Database\MySQLi\Connection.php(295): mysqli->query('INSERT INTO `dokumentasi` (`id_ukm`, `tanggal_dokumentasi`, `keterangan`) VALUES (\'1\', NULL, \'17 Agustus Tahun 45~ GO\')', 0)
 2 SYSTEMPATH\Database\BaseConnection.php(692): CodeIgniter\Database\MySQLi\Connection->execute('INSERT INTO `dokumentasi` (`id_ukm`, `tanggal_dokumentasi`, `keterangan`) VALUES (\'1\', NULL, \'17 Agustus Tahun 45~ GO\')')
 3 SYSTEMPATH\Database\BaseConnection.php(606): CodeIgniter\Database\BaseConnection->simpleQuery('INSERT INTO `dokumentasi` (`id_ukm`, `tanggal_dokumentasi`, `keterangan`) VALUES (\'1\', NULL, \'17 Agustus Tahun 45~ GO\')')
 4 SYSTEMPATH\Database\BaseBuilder.php(2309): CodeIgniter\Database\BaseConnection->query('INSERT INTO `dokumentasi` (`id_ukm`, `tanggal_dokumentasi`, `keterangan`) VALUES (:id_ukm:, :tanggal_dokumentasi:, :keterangan:)', [...], false)
 5 SYSTEMPATH\Model.php(330): CodeIgniter\Database\BaseBuilder->insert()
 6 SYSTEMPATH\BaseModel.php(782): CodeIgniter\Model->doInsert([...])
 7 SYSTEMPATH\Model.php(730): CodeIgniter\BaseModel->insert([...], true)
 8 APPPATH\Controllers\HomeController.php(748): CodeIgniter\Model->insert([...])
 9 SYSTEMPATH\CodeIgniter.php(932): App\Controllers\HomeController->add_dokumentasi()
10 SYSTEMPATH\CodeIgniter.php(497): CodeIgniter\CodeIgniter->runController(Object(App\Controllers\HomeController))
11 SYSTEMPATH\CodeIgniter.php(366): CodeIgniter\CodeIgniter->handleRequest(null, Object(Config\Cache), false)
12 FCPATH\index.php(67): CodeIgniter\CodeIgniter->run()
CRITICAL - 2023-08-19 07:29:52 --> Call to a member function getName() on null
in APPPATH\Controllers\HomeController.php on line 735.
 1 SYSTEMPATH\CodeIgniter.php(932): App\Controllers\HomeController->add_dokumentasi()
 2 SYSTEMPATH\CodeIgniter.php(497): CodeIgniter\CodeIgniter->runController(Object(App\Controllers\HomeController))
 3 SYSTEMPATH\CodeIgniter.php(366): CodeIgniter\CodeIgniter->handleRequest(null, Object(Config\Cache), false)
 4 FCPATH\index.php(67): CodeIgniter\CodeIgniter->run()
CRITICAL - 2023-08-19 07:34:11 --> Call to a member function getName() on null
in APPPATH\Controllers\HomeController.php on line 735.
 1 SYSTEMPATH\CodeIgniter.php(932): App\Controllers\HomeController->add_dokumentasi()
 2 SYSTEMPATH\CodeIgniter.php(497): CodeIgniter\CodeIgniter->runController(Object(App\Controllers\HomeController))
 3 SYSTEMPATH\CodeIgniter.php(366): CodeIgniter\CodeIgniter->handleRequest(null, Object(Config\Cache), false)
 4 FCPATH\index.php(67): CodeIgniter\CodeIgniter->run()
