CRITICAL - 2023-10-11 07:38:20 --> Maximum execution time of 60 seconds exceeded
in SYSTEMPATH\Database\MySQLi\Connection.php on line 295.
 1 [internal function]: CodeIgniter\Debug\Exceptions->shutdownHandler()
CRITICAL - 2023-10-11 14:18:12 --> Call to undefined method App\Models\DaftarBpmkModel::getKegiatanWithUkmName
in SYSTEMPATH\Model.php on line 838.
 1 APPPATH\Controllers\HomeController.php(1426): CodeIgniter\Model->__call('getKegiatanWithUkmName', [])
 2 SYSTEMPATH\CodeIgniter.php(932): App\Controllers\HomeController->kelola_pendaftaran_bpmk()
 3 SYSTEMPATH\CodeIgniter.php(497): CodeIgniter\CodeIgniter->runController(Object(App\Controllers\HomeController))
 4 SYSTEMPATH\CodeIgniter.php(366): CodeIgniter\CodeIgniter->handleRequest(null, Object(Config\Cache), false)
 5 FCPATH\index.php(67): CodeIgniter\CodeIgniter->run()
CRITICAL - 2023-10-11 14:18:20 --> Call to undefined method App\Models\DaftarBpmkModel::getKegiatanWithUkmName
in SYSTEMPATH\Model.php on line 838.
 1 APPPATH\Controllers\HomeController.php(1426): CodeIgniter\Model->__call('getKegiatanWithUkmName', [])
 2 SYSTEMPATH\CodeIgniter.php(932): App\Controllers\HomeController->kelola_pendaftaran_bpmk()
 3 SYSTEMPATH\CodeIgniter.php(497): CodeIgniter\CodeIgniter->runController(Object(App\Controllers\HomeController))
 4 SYSTEMPATH\CodeIgniter.php(366): CodeIgniter\CodeIgniter->handleRequest(null, Object(Config\Cache), false)
 5 FCPATH\index.php(67): CodeIgniter\CodeIgniter->run()
CRITICAL - 2023-10-11 14:18:26 --> Call to undefined method App\Models\DaftarNNUModel::getKegiatanWithUkmName
in SYSTEMPATH\Model.php on line 838.
 1 APPPATH\Controllers\HomeController.php(1591): CodeIgniter\Model->__call('getKegiatanWithUkmName', [])
 2 SYSTEMPATH\CodeIgniter.php(932): App\Controllers\HomeController->kelola_pendaftaran_nnu()
 3 SYSTEMPATH\CodeIgniter.php(497): CodeIgniter\CodeIgniter->runController(Object(App\Controllers\HomeController))
 4 SYSTEMPATH\CodeIgniter.php(366): CodeIgniter\CodeIgniter->handleRequest(null, Object(Config\Cache), false)
 5 FCPATH\index.php(67): CodeIgniter\CodeIgniter->run()
CRITICAL - 2023-10-11 14:19:11 --> Call to undefined method App\Models\DaftarBpmkModel::getKegiatanWithUkmName
in SYSTEMPATH\Model.php on line 838.
 1 APPPATH\Controllers\HomeController.php(1426): CodeIgniter\Model->__call('getKegiatanWithUkmName', [])
 2 SYSTEMPATH\CodeIgniter.php(932): App\Controllers\HomeController->kelola_pendaftaran_bpmk()
 3 SYSTEMPATH\CodeIgniter.php(497): CodeIgniter\CodeIgniter->runController(Object(App\Controllers\HomeController))
 4 SYSTEMPATH\CodeIgniter.php(366): CodeIgniter\CodeIgniter->handleRequest(null, Object(Config\Cache), false)
 5 FCPATH\index.php(67): CodeIgniter\CodeIgniter->run()
CRITICAL - 2023-10-11 14:19:21 --> Call to undefined method App\Models\DaftarNNUModel::getKegiatanWithUkmName
in SYSTEMPATH\Model.php on line 838.
 1 APPPATH\Controllers\HomeController.php(1591): CodeIgniter\Model->__call('getKegiatanWithUkmName', [])
 2 SYSTEMPATH\CodeIgniter.php(932): App\Controllers\HomeController->kelola_pendaftaran_nnu()
 3 SYSTEMPATH\CodeIgniter.php(497): CodeIgniter\CodeIgniter->runController(Object(App\Controllers\HomeController))
 4 SYSTEMPATH\CodeIgniter.php(366): CodeIgniter\CodeIgniter->handleRequest(null, Object(Config\Cache), false)
 5 FCPATH\index.php(67): CodeIgniter\CodeIgniter->run()
ERROR - 2023-10-11 15:12:05 --> Email: sendWithSmtp throwed ErrorException: fsockopen(): php_network_getaddresses: getaddrinfo failed: No such host is known.  in C:\xampp\htdocs\management_ukm\system\Email\Email.php:1868
Stack trace:
#0 [internal function]: CodeIgniter\Debug\Exceptions->errorHandler(2, 'fsockopen(): ph...', 'C:\\xampp\\htdocs...', 1868, Array)
#1 C:\xampp\htdocs\management_ukm\system\Email\Email.php(1868): fsockopen('tls://smtp.goog...', 465, 0, 'php_network_get...', 20)
#2 C:\xampp\htdocs\management_ukm\system\Email\Email.php(1782): CodeIgniter\Email\Email->SMTPConnect()
#3 C:\xampp\htdocs\management_ukm\system\Email\Email.php(1667): CodeIgniter\Email\Email->sendWithSmtp()
#4 C:\xampp\htdocs\management_ukm\system\Email\Email.php(1565): CodeIgniter\Email\Email->spoolEmail()
#5 C:\xampp\htdocs\management_ukm\app\Controllers\HomeController.php(1461): CodeIgniter\Email\Email->send()
#6 C:\xampp\htdocs\management_ukm\app\Controllers\HomeController.php(1496): App\Controllers\HomeController->sendmail('Biro Pelayanan ...', 'jeiviseroy26@gm...', 'Prisilia', 'Pendaftaran Pen...', false)
#7 C:\xampp\htdocs\management_ukm\system\CodeIgniter.php(932): App\Controllers\HomeController->tolak_bpmk()
#8 C:\xampp\htdocs\management_ukm\system\CodeIgniter.php(497): CodeIgniter\CodeIgniter->runController(Object(App\Controllers\HomeController))
#9 C:\xampp\htdocs\management_ukm\system\CodeIgniter.php(366): CodeIgniter\CodeIgniter->handleRequest(NULL, Object(Config\Cache), false)
#10 C:\xampp\htdocs\management_ukm\index.php(67): CodeIgniter\CodeIgniter->run()
#11 {main}
ERROR - 2023-10-11 15:12:05 --> Email: Unable to send email using SMTP. Your server might not be configured to send mail using this method.
ERROR - 2023-10-11 15:12:05 --> 
