CRITICAL - 2023-08-12 05:45:53 --> Illegal string offset 'id_ukm'
in APPPATH\Views\Template\menu.php on line 94.
 1 APPPATH\Views\Template\menu.php(94): CodeIgniter\Debug\Exceptions->errorHandler(2, 'Illegal string offset \'id_ukm\'', 'D:\\Dev\\xampp\\htdocs\\management_ukm\\app\\Views\\Template\\menu.php', 94, [...])
 2 APPPATH\Views\dashboard.php(4): include('D:\\Dev\\xampp\\htdocs\\management_ukm\\app\\Views\\Template\\menu.php')
 3 SYSTEMPATH\View\View.php(224): include('D:\\Dev\\xampp\\htdocs\\management_ukm\\app\\Views\\dashboard.php')
 4 SYSTEMPATH\View\View.php(227): CodeIgniter\View\View->CodeIgniter\View\{closure}()
 5 SYSTEMPATH\Common.php(1180): CodeIgniter\View\View->render('dashboard', [], true)
 6 APPPATH\Controllers\HomeController.php(87): view('dashboard', [...])
 7 SYSTEMPATH\CodeIgniter.php(932): App\Controllers\HomeController->dashboard()
 8 SYSTEMPATH\CodeIgniter.php(497): CodeIgniter\CodeIgniter->runController(Object(App\Controllers\HomeController))
 9 SYSTEMPATH\CodeIgniter.php(366): CodeIgniter\CodeIgniter->handleRequest(null, Object(Config\Cache), false)
10 FCPATH\index.php(67): CodeIgniter\CodeIgniter->run()
CRITICAL - 2023-08-12 05:45:54 --> Illegal string offset 'id_ukm'
in APPPATH\Views\Template\menu.php on line 94.
 1 APPPATH\Views\Template\menu.php(94): CodeIgniter\Debug\Exceptions->errorHandler(2, 'Illegal string offset \'id_ukm\'', 'D:\\Dev\\xampp\\htdocs\\management_ukm\\app\\Views\\Template\\menu.php', 94, [...])
 2 APPPATH\Views\dashboard.php(4): include('D:\\Dev\\xampp\\htdocs\\management_ukm\\app\\Views\\Template\\menu.php')
 3 SYSTEMPATH\View\View.php(224): include('D:\\Dev\\xampp\\htdocs\\management_ukm\\app\\Views\\dashboard.php')
 4 SYSTEMPATH\View\View.php(227): CodeIgniter\View\View->CodeIgniter\View\{closure}()
 5 SYSTEMPATH\Common.php(1180): CodeIgniter\View\View->render('dashboard', [], true)
 6 APPPATH\Controllers\HomeController.php(87): view('dashboard', [...])
 7 SYSTEMPATH\CodeIgniter.php(932): App\Controllers\HomeController->dashboard()
 8 SYSTEMPATH\CodeIgniter.php(497): CodeIgniter\CodeIgniter->runController(Object(App\Controllers\HomeController))
 9 SYSTEMPATH\CodeIgniter.php(366): CodeIgniter\CodeIgniter->handleRequest(null, Object(Config\Cache), false)
10 FCPATH\index.php(67): CodeIgniter\CodeIgniter->run()
CRITICAL - 2023-08-12 05:45:55 --> Illegal string offset 'id_ukm'
in APPPATH\Views\Template\menu.php on line 94.
 1 APPPATH\Views\Template\menu.php(94): CodeIgniter\Debug\Exceptions->errorHandler(2, 'Illegal string offset \'id_ukm\'', 'D:\\Dev\\xampp\\htdocs\\management_ukm\\app\\Views\\Template\\menu.php', 94, [...])
 2 APPPATH\Views\dashboard.php(4): include('D:\\Dev\\xampp\\htdocs\\management_ukm\\app\\Views\\Template\\menu.php')
 3 SYSTEMPATH\View\View.php(224): include('D:\\Dev\\xampp\\htdocs\\management_ukm\\app\\Views\\dashboard.php')
 4 SYSTEMPATH\View\View.php(227): CodeIgniter\View\View->CodeIgniter\View\{closure}()
 5 SYSTEMPATH\Common.php(1180): CodeIgniter\View\View->render('dashboard', [], true)
 6 APPPATH\Controllers\HomeController.php(87): view('dashboard', [...])
 7 SYSTEMPATH\CodeIgniter.php(932): App\Controllers\HomeController->dashboard()
 8 SYSTEMPATH\CodeIgniter.php(497): CodeIgniter\CodeIgniter->runController(Object(App\Controllers\HomeController))
 9 SYSTEMPATH\CodeIgniter.php(366): CodeIgniter\CodeIgniter->handleRequest(null, Object(Config\Cache), false)
10 FCPATH\index.php(67): CodeIgniter\CodeIgniter->run()
CRITICAL - 2023-08-12 05:45:57 --> Illegal string offset 'id_ukm'
in APPPATH\Views\Template\menu.php on line 94.
 1 APPPATH\Views\Template\menu.php(94): CodeIgniter\Debug\Exceptions->errorHandler(2, 'Illegal string offset \'id_ukm\'', 'D:\\Dev\\xampp\\htdocs\\management_ukm\\app\\Views\\Template\\menu.php', 94, [...])
 2 APPPATH\Views\dashboard.php(4): include('D:\\Dev\\xampp\\htdocs\\management_ukm\\app\\Views\\Template\\menu.php')
 3 SYSTEMPATH\View\View.php(224): include('D:\\Dev\\xampp\\htdocs\\management_ukm\\app\\Views\\dashboard.php')
 4 SYSTEMPATH\View\View.php(227): CodeIgniter\View\View->CodeIgniter\View\{closure}()
 5 SYSTEMPATH\Common.php(1180): CodeIgniter\View\View->render('dashboard', [], true)
 6 APPPATH\Controllers\HomeController.php(87): view('dashboard', [...])
 7 SYSTEMPATH\CodeIgniter.php(932): App\Controllers\HomeController->dashboard()
 8 SYSTEMPATH\CodeIgniter.php(497): CodeIgniter\CodeIgniter->runController(Object(App\Controllers\HomeController))
 9 SYSTEMPATH\CodeIgniter.php(366): CodeIgniter\CodeIgniter->handleRequest(null, Object(Config\Cache), false)
10 FCPATH\index.php(67): CodeIgniter\CodeIgniter->run()
CRITICAL - 2023-08-12 05:46:29 --> Illegal string offset 'id_ukm'
in APPPATH\Views\Template\menu.php on line 94.
 1 APPPATH\Views\Template\menu.php(94): CodeIgniter\Debug\Exceptions->errorHandler(2, 'Illegal string offset \'id_ukm\'', 'D:\\Dev\\xampp\\htdocs\\management_ukm\\app\\Views\\Template\\menu.php', 94, [...])
 2 APPPATH\Views\dashboard.php(4): include('D:\\Dev\\xampp\\htdocs\\management_ukm\\app\\Views\\Template\\menu.php')
 3 SYSTEMPATH\View\View.php(224): include('D:\\Dev\\xampp\\htdocs\\management_ukm\\app\\Views\\dashboard.php')
 4 SYSTEMPATH\View\View.php(227): CodeIgniter\View\View->CodeIgniter\View\{closure}()
 5 SYSTEMPATH\Common.php(1180): CodeIgniter\View\View->render('dashboard', [], true)
 6 APPPATH\Controllers\HomeController.php(87): view('dashboard', [...])
 7 SYSTEMPATH\CodeIgniter.php(932): App\Controllers\HomeController->dashboard()
 8 SYSTEMPATH\CodeIgniter.php(497): CodeIgniter\CodeIgniter->runController(Object(App\Controllers\HomeController))
 9 SYSTEMPATH\CodeIgniter.php(366): CodeIgniter\CodeIgniter->handleRequest(null, Object(Config\Cache), false)
10 FCPATH\index.php(67): CodeIgniter\CodeIgniter->run()
CRITICAL - 2023-08-12 06:27:10 --> Deletes are not allowed unless they contain a "where" or "like" clause.
in SYSTEMPATH\Database\BaseBuilder.php on line 2767.
 1 SYSTEMPATH\Model.php(456): CodeIgniter\Database\BaseBuilder->delete()
 2 SYSTEMPATH\BaseModel.php(1065): CodeIgniter\Model->doDelete(null, false)
 3 APPPATH\Controllers\HomeController.php(266): CodeIgniter\BaseModel->delete(null)
 4 SYSTEMPATH\CodeIgniter.php(932): App\Controllers\HomeController->delete_prestasi()
 5 SYSTEMPATH\CodeIgniter.php(497): CodeIgniter\CodeIgniter->runController(Object(App\Controllers\HomeController))
 6 SYSTEMPATH\CodeIgniter.php(366): CodeIgniter\CodeIgniter->handleRequest(null, Object(Config\Cache), false)
 7 FCPATH\index.php(67): CodeIgniter\CodeIgniter->run()
CRITICAL - 2023-08-12 07:27:52 --> Allowed fields must be specified for model: "App\Models\AnggotaModel"
in SYSTEMPATH\BaseModel.php on line 1242.
 1 SYSTEMPATH\BaseModel.php(1242): CodeIgniter\Database\Exceptions\DataException::forInvalidAllowedFields('App\\Models\\AnggotaModel')
 2 SYSTEMPATH\BaseModel.php(757): CodeIgniter\BaseModel->doProtectFields([...])
 3 SYSTEMPATH\Model.php(730): CodeIgniter\BaseModel->insert([...], true)
 4 APPPATH\Controllers\HomeController.php(379): CodeIgniter\Model->insert([...])
 5 SYSTEMPATH\CodeIgniter.php(932): App\Controllers\HomeController->add_anggota()
 6 SYSTEMPATH\CodeIgniter.php(497): CodeIgniter\CodeIgniter->runController(Object(App\Controllers\HomeController))
 7 SYSTEMPATH\CodeIgniter.php(366): CodeIgniter\CodeIgniter->handleRequest(null, Object(Config\Cache), false)
 8 FCPATH\index.php(67): CodeIgniter\CodeIgniter->run()
CRITICAL - 2023-08-12 07:28:28 --> Allowed fields must be specified for model: "App\Models\AnggotaModel"
in SYSTEMPATH\BaseModel.php on line 1242.
 1 SYSTEMPATH\BaseModel.php(1242): CodeIgniter\Database\Exceptions\DataException::forInvalidAllowedFields('App\\Models\\AnggotaModel')
 2 SYSTEMPATH\BaseModel.php(757): CodeIgniter\BaseModel->doProtectFields([...])
 3 SYSTEMPATH\Model.php(730): CodeIgniter\BaseModel->insert([...], true)
 4 APPPATH\Controllers\HomeController.php(379): CodeIgniter\Model->insert([...])
 5 SYSTEMPATH\CodeIgniter.php(932): App\Controllers\HomeController->add_anggota()
 6 SYSTEMPATH\CodeIgniter.php(497): CodeIgniter\CodeIgniter->runController(Object(App\Controllers\HomeController))
 7 SYSTEMPATH\CodeIgniter.php(366): CodeIgniter\CodeIgniter->handleRequest(null, Object(Config\Cache), false)
 8 FCPATH\index.php(67): CodeIgniter\CodeIgniter->run()
CRITICAL - 2023-08-12 07:32:20 --> Allowed fields must be specified for model: "App\Models\AnggotaModel"
in SYSTEMPATH\BaseModel.php on line 1242.
 1 SYSTEMPATH\BaseModel.php(1242): CodeIgniter\Database\Exceptions\DataException::forInvalidAllowedFields('App\\Models\\AnggotaModel')
 2 SYSTEMPATH\BaseModel.php(757): CodeIgniter\BaseModel->doProtectFields([...])
 3 SYSTEMPATH\Model.php(730): CodeIgniter\BaseModel->insert([...], true)
 4 APPPATH\Controllers\HomeController.php(379): CodeIgniter\Model->insert([...])
 5 SYSTEMPATH\CodeIgniter.php(932): App\Controllers\HomeController->add_anggota()
 6 SYSTEMPATH\CodeIgniter.php(497): CodeIgniter\CodeIgniter->runController(Object(App\Controllers\HomeController))
 7 SYSTEMPATH\CodeIgniter.php(366): CodeIgniter\CodeIgniter->handleRequest(null, Object(Config\Cache), false)
 8 FCPATH\index.php(67): CodeIgniter\CodeIgniter->run()
CRITICAL - 2023-08-12 07:37:43 --> Allowed fields must be specified for model: "App\Models\AnggotaModel"
in SYSTEMPATH\BaseModel.php on line 1242.
 1 SYSTEMPATH\BaseModel.php(1242): CodeIgniter\Database\Exceptions\DataException::forInvalidAllowedFields('App\\Models\\AnggotaModel')
 2 SYSTEMPATH\BaseModel.php(757): CodeIgniter\BaseModel->doProtectFields([...])
 3 SYSTEMPATH\Model.php(730): CodeIgniter\BaseModel->insert([...], true)
 4 APPPATH\Controllers\HomeController.php(379): CodeIgniter\Model->insert([...])
 5 SYSTEMPATH\CodeIgniter.php(932): App\Controllers\HomeController->add_anggota()
 6 SYSTEMPATH\CodeIgniter.php(497): CodeIgniter\CodeIgniter->runController(Object(App\Controllers\HomeController))
 7 SYSTEMPATH\CodeIgniter.php(366): CodeIgniter\CodeIgniter->handleRequest(null, Object(Config\Cache), false)
 8 FCPATH\index.php(67): CodeIgniter\CodeIgniter->run()
CRITICAL - 2023-08-12 07:41:33 --> Allowed fields must be specified for model: "App\Models\AnggotaModel"
in SYSTEMPATH\BaseModel.php on line 1242.
 1 SYSTEMPATH\BaseModel.php(1242): CodeIgniter\Database\Exceptions\DataException::forInvalidAllowedFields('App\\Models\\AnggotaModel')
 2 SYSTEMPATH\BaseModel.php(757): CodeIgniter\BaseModel->doProtectFields([...])
 3 SYSTEMPATH\Model.php(730): CodeIgniter\BaseModel->insert([...], true)
 4 APPPATH\Controllers\HomeController.php(379): CodeIgniter\Model->insert([...])
 5 SYSTEMPATH\CodeIgniter.php(932): App\Controllers\HomeController->add_anggota()
 6 SYSTEMPATH\CodeIgniter.php(497): CodeIgniter\CodeIgniter->runController(Object(App\Controllers\HomeController))
 7 SYSTEMPATH\CodeIgniter.php(366): CodeIgniter\CodeIgniter->handleRequest(null, Object(Config\Cache), false)
 8 FCPATH\index.php(67): CodeIgniter\CodeIgniter->run()
ERROR - 2023-08-12 08:47:19 --> mysqli_sql_exception: Column 'file' cannot be null in D:\Dev\xampp\htdocs\management_ukm\system\Database\MySQLi\Connection.php:295
Stack trace:
#0 D:\Dev\xampp\htdocs\management_ukm\system\Database\MySQLi\Connection.php(295): mysqli->query('INSERT INTO `lp...', 0)
#1 D:\Dev\xampp\htdocs\management_ukm\system\Database\BaseConnection.php(692): CodeIgniter\Database\MySQLi\Connection->execute('INSERT INTO `lp...')
#2 D:\Dev\xampp\htdocs\management_ukm\system\Database\BaseConnection.php(606): CodeIgniter\Database\BaseConnection->simpleQuery('INSERT INTO `lp...')
#3 D:\Dev\xampp\htdocs\management_ukm\system\Database\BaseBuilder.php(2309): CodeIgniter\Database\BaseConnection->query('INSERT INTO `lp...', Array, false)
#4 D:\Dev\xampp\htdocs\management_ukm\system\Model.php(330): CodeIgniter\Database\BaseBuilder->insert()
#5 D:\Dev\xampp\htdocs\management_ukm\system\BaseModel.php(782): CodeIgniter\Model->doInsert(Array)
#6 D:\Dev\xampp\htdocs\management_ukm\system\Model.php(730): CodeIgniter\BaseModel->insert(Array, true)
#7 D:\Dev\xampp\htdocs\management_ukm\app\Controllers\HomeController.php(476): CodeIgniter\Model->insert(Array)
#8 D:\Dev\xampp\htdocs\management_ukm\system\CodeIgniter.php(932): App\Controllers\HomeController->add_lpj()
#9 D:\Dev\xampp\htdocs\management_ukm\system\CodeIgniter.php(497): CodeIgniter\CodeIgniter->runController(Object(App\Controllers\HomeController))
#10 D:\Dev\xampp\htdocs\management_ukm\system\CodeIgniter.php(366): CodeIgniter\CodeIgniter->handleRequest(NULL, Object(Config\Cache), false)
#11 D:\Dev\xampp\htdocs\management_ukm\index.php(67): CodeIgniter\CodeIgniter->run()
#12 {main}
CRITICAL - 2023-08-12 08:47:19 --> Column 'file' cannot be null
in SYSTEMPATH\Database\MySQLi\Connection.php on line 295.
 1 SYSTEMPATH\Database\MySQLi\Connection.php(295): mysqli->query('INSERT INTO `lpj` (`nama_bidang`, `file`, `content_type`, `file_name`, `judul`, `tanggal_periode_lpj`, `keterangan`, `id_ukm`) VALUES (\'\', NULL, NULL, NULL, \'\', \'\', \'\', \'1\')', 0)
 2 SYSTEMPATH\Database\BaseConnection.php(692): CodeIgniter\Database\MySQLi\Connection->execute('INSERT INTO `lpj` (`nama_bidang`, `file`, `content_type`, `file_name`, `judul`, `tanggal_periode_lpj`, `keterangan`, `id_ukm`) VALUES (\'\', NULL, NULL, NULL, \'\', \'\', \'\', \'1\')')
 3 SYSTEMPATH\Database\BaseConnection.php(606): CodeIgniter\Database\BaseConnection->simpleQuery('INSERT INTO `lpj` (`nama_bidang`, `file`, `content_type`, `file_name`, `judul`, `tanggal_periode_lpj`, `keterangan`, `id_ukm`) VALUES (\'\', NULL, NULL, NULL, \'\', \'\', \'\', \'1\')')
 4 SYSTEMPATH\Database\BaseBuilder.php(2309): CodeIgniter\Database\BaseConnection->query('INSERT INTO `lpj` (`nama_bidang`, `file`, `content_type`, `file_name`, `judul`, `tanggal_periode_lpj`, `keterangan`, `id_ukm`) VALUES (:nama_bidang:, :file:, :content_type:, :file_name:, :judul:, :tanggal_periode_lpj:, :keterangan:, :id_ukm:)', [...], false)
 5 SYSTEMPATH\Model.php(330): CodeIgniter\Database\BaseBuilder->insert()
 6 SYSTEMPATH\BaseModel.php(782): CodeIgniter\Model->doInsert([...])
 7 SYSTEMPATH\Model.php(730): CodeIgniter\BaseModel->insert([...], true)
 8 APPPATH\Controllers\HomeController.php(476): CodeIgniter\Model->insert([...])
 9 SYSTEMPATH\CodeIgniter.php(932): App\Controllers\HomeController->add_lpj()
10 SYSTEMPATH\CodeIgniter.php(497): CodeIgniter\CodeIgniter->runController(Object(App\Controllers\HomeController))
11 SYSTEMPATH\CodeIgniter.php(366): CodeIgniter\CodeIgniter->handleRequest(null, Object(Config\Cache), false)
12 FCPATH\index.php(67): CodeIgniter\CodeIgniter->run()
ERROR - 2023-08-12 08:50:01 --> mysqli_sql_exception: Column 'file' cannot be null in D:\Dev\xampp\htdocs\management_ukm\system\Database\MySQLi\Connection.php:295
Stack trace:
#0 D:\Dev\xampp\htdocs\management_ukm\system\Database\MySQLi\Connection.php(295): mysqli->query('INSERT INTO `lp...', 0)
#1 D:\Dev\xampp\htdocs\management_ukm\system\Database\BaseConnection.php(692): CodeIgniter\Database\MySQLi\Connection->execute('INSERT INTO `lp...')
#2 D:\Dev\xampp\htdocs\management_ukm\system\Database\BaseConnection.php(606): CodeIgniter\Database\BaseConnection->simpleQuery('INSERT INTO `lp...')
#3 D:\Dev\xampp\htdocs\management_ukm\system\Database\BaseBuilder.php(2309): CodeIgniter\Database\BaseConnection->query('INSERT INTO `lp...', Array, false)
#4 D:\Dev\xampp\htdocs\management_ukm\system\Model.php(330): CodeIgniter\Database\BaseBuilder->insert()
#5 D:\Dev\xampp\htdocs\management_ukm\system\BaseModel.php(782): CodeIgniter\Model->doInsert(Array)
#6 D:\Dev\xampp\htdocs\management_ukm\system\Model.php(730): CodeIgniter\BaseModel->insert(Array, true)
#7 D:\Dev\xampp\htdocs\management_ukm\app\Controllers\HomeController.php(476): CodeIgniter\Model->insert(Array)
#8 D:\Dev\xampp\htdocs\management_ukm\system\CodeIgniter.php(932): App\Controllers\HomeController->add_lpj()
#9 D:\Dev\xampp\htdocs\management_ukm\system\CodeIgniter.php(497): CodeIgniter\CodeIgniter->runController(Object(App\Controllers\HomeController))
#10 D:\Dev\xampp\htdocs\management_ukm\system\CodeIgniter.php(366): CodeIgniter\CodeIgniter->handleRequest(NULL, Object(Config\Cache), false)
#11 D:\Dev\xampp\htdocs\management_ukm\index.php(67): CodeIgniter\CodeIgniter->run()
#12 {main}
CRITICAL - 2023-08-12 08:50:01 --> Column 'file' cannot be null
in SYSTEMPATH\Database\MySQLi\Connection.php on line 295.
 1 SYSTEMPATH\Database\MySQLi\Connection.php(295): mysqli->query('INSERT INTO `lpj` (`nama_bidang`, `file`, `content_type`, `file_name`, `judul`, `tanggal_periode_lpj`, `keterangan`, `id_ukm`) VALUES (\'\', NULL, NULL, NULL, \'\', \'\', \'\', \'1\')', 0)
 2 SYSTEMPATH\Database\BaseConnection.php(692): CodeIgniter\Database\MySQLi\Connection->execute('INSERT INTO `lpj` (`nama_bidang`, `file`, `content_type`, `file_name`, `judul`, `tanggal_periode_lpj`, `keterangan`, `id_ukm`) VALUES (\'\', NULL, NULL, NULL, \'\', \'\', \'\', \'1\')')
 3 SYSTEMPATH\Database\BaseConnection.php(606): CodeIgniter\Database\BaseConnection->simpleQuery('INSERT INTO `lpj` (`nama_bidang`, `file`, `content_type`, `file_name`, `judul`, `tanggal_periode_lpj`, `keterangan`, `id_ukm`) VALUES (\'\', NULL, NULL, NULL, \'\', \'\', \'\', \'1\')')
 4 SYSTEMPATH\Database\BaseBuilder.php(2309): CodeIgniter\Database\BaseConnection->query('INSERT INTO `lpj` (`nama_bidang`, `file`, `content_type`, `file_name`, `judul`, `tanggal_periode_lpj`, `keterangan`, `id_ukm`) VALUES (:nama_bidang:, :file:, :content_type:, :file_name:, :judul:, :tanggal_periode_lpj:, :keterangan:, :id_ukm:)', [...], false)
 5 SYSTEMPATH\Model.php(330): CodeIgniter\Database\BaseBuilder->insert()
 6 SYSTEMPATH\BaseModel.php(782): CodeIgniter\Model->doInsert([...])
 7 SYSTEMPATH\Model.php(730): CodeIgniter\BaseModel->insert([...], true)
 8 APPPATH\Controllers\HomeController.php(476): CodeIgniter\Model->insert([...])
 9 SYSTEMPATH\CodeIgniter.php(932): App\Controllers\HomeController->add_lpj()
10 SYSTEMPATH\CodeIgniter.php(497): CodeIgniter\CodeIgniter->runController(Object(App\Controllers\HomeController))
11 SYSTEMPATH\CodeIgniter.php(366): CodeIgniter\CodeIgniter->handleRequest(null, Object(Config\Cache), false)
12 FCPATH\index.php(67): CodeIgniter\CodeIgniter->run()
ERROR - 2023-08-12 08:52:04 --> mysqli_sql_exception: Column 'file' cannot be null in D:\Dev\xampp\htdocs\management_ukm\system\Database\MySQLi\Connection.php:295
Stack trace:
#0 D:\Dev\xampp\htdocs\management_ukm\system\Database\MySQLi\Connection.php(295): mysqli->query('INSERT INTO `lp...', 0)
#1 D:\Dev\xampp\htdocs\management_ukm\system\Database\BaseConnection.php(692): CodeIgniter\Database\MySQLi\Connection->execute('INSERT INTO `lp...')
#2 D:\Dev\xampp\htdocs\management_ukm\system\Database\BaseConnection.php(606): CodeIgniter\Database\BaseConnection->simpleQuery('INSERT INTO `lp...')
#3 D:\Dev\xampp\htdocs\management_ukm\system\Database\BaseBuilder.php(2309): CodeIgniter\Database\BaseConnection->query('INSERT INTO `lp...', Array, false)
#4 D:\Dev\xampp\htdocs\management_ukm\system\Model.php(330): CodeIgniter\Database\BaseBuilder->insert()
#5 D:\Dev\xampp\htdocs\management_ukm\system\BaseModel.php(782): CodeIgniter\Model->doInsert(Array)
#6 D:\Dev\xampp\htdocs\management_ukm\system\Model.php(730): CodeIgniter\BaseModel->insert(Array, true)
#7 D:\Dev\xampp\htdocs\management_ukm\app\Controllers\HomeController.php(476): CodeIgniter\Model->insert(Array)
#8 D:\Dev\xampp\htdocs\management_ukm\system\CodeIgniter.php(932): App\Controllers\HomeController->add_lpj()
#9 D:\Dev\xampp\htdocs\management_ukm\system\CodeIgniter.php(497): CodeIgniter\CodeIgniter->runController(Object(App\Controllers\HomeController))
#10 D:\Dev\xampp\htdocs\management_ukm\system\CodeIgniter.php(366): CodeIgniter\CodeIgniter->handleRequest(NULL, Object(Config\Cache), false)
#11 D:\Dev\xampp\htdocs\management_ukm\index.php(67): CodeIgniter\CodeIgniter->run()
#12 {main}
CRITICAL - 2023-08-12 08:52:04 --> Column 'file' cannot be null
in SYSTEMPATH\Database\MySQLi\Connection.php on line 295.
 1 SYSTEMPATH\Database\MySQLi\Connection.php(295): mysqli->query('INSERT INTO `lpj` (`nama_bidang`, `file`, `content_type`, `file_name`, `judul`, `tanggal_periode_lpj`, `keterangan`, `id_ukm`) VALUES (\'\', NULL, NULL, NULL, \'\', \'\', \'\', \'1\')', 0)
 2 SYSTEMPATH\Database\BaseConnection.php(692): CodeIgniter\Database\MySQLi\Connection->execute('INSERT INTO `lpj` (`nama_bidang`, `file`, `content_type`, `file_name`, `judul`, `tanggal_periode_lpj`, `keterangan`, `id_ukm`) VALUES (\'\', NULL, NULL, NULL, \'\', \'\', \'\', \'1\')')
 3 SYSTEMPATH\Database\BaseConnection.php(606): CodeIgniter\Database\BaseConnection->simpleQuery('INSERT INTO `lpj` (`nama_bidang`, `file`, `content_type`, `file_name`, `judul`, `tanggal_periode_lpj`, `keterangan`, `id_ukm`) VALUES (\'\', NULL, NULL, NULL, \'\', \'\', \'\', \'1\')')
 4 SYSTEMPATH\Database\BaseBuilder.php(2309): CodeIgniter\Database\BaseConnection->query('INSERT INTO `lpj` (`nama_bidang`, `file`, `content_type`, `file_name`, `judul`, `tanggal_periode_lpj`, `keterangan`, `id_ukm`) VALUES (:nama_bidang:, :file:, :content_type:, :file_name:, :judul:, :tanggal_periode_lpj:, :keterangan:, :id_ukm:)', [...], false)
 5 SYSTEMPATH\Model.php(330): CodeIgniter\Database\BaseBuilder->insert()
 6 SYSTEMPATH\BaseModel.php(782): CodeIgniter\Model->doInsert([...])
 7 SYSTEMPATH\Model.php(730): CodeIgniter\BaseModel->insert([...], true)
 8 APPPATH\Controllers\HomeController.php(476): CodeIgniter\Model->insert([...])
 9 SYSTEMPATH\CodeIgniter.php(932): App\Controllers\HomeController->add_lpj()
10 SYSTEMPATH\CodeIgniter.php(497): CodeIgniter\CodeIgniter->runController(Object(App\Controllers\HomeController))
11 SYSTEMPATH\CodeIgniter.php(366): CodeIgniter\CodeIgniter->handleRequest(null, Object(Config\Cache), false)
12 FCPATH\index.php(67): CodeIgniter\CodeIgniter->run()
